<?xml version="1.0" encoding="UTF-8"?>
<testsuite xmlns:xsi="http://www.w3.org/2001/XMLSchema-instance" xsi:noNamespaceSchemaLocation="https://maven.apache.org/surefire/maven-surefire-plugin/xsd/surefire-test-report-3.0.xsd" version="3.0" name="com.grad.handywork.HandyworkApplicationTests" time="5.241" tests="1" errors="0" skipped="0" failures="0">
  <properties>
[...]
</properties>
  <testcase name="contextLoads" classname="com.grad.handywork.HandyworkApplicationTests" time="0.378">
    <system-out><![CDATA[Standard Commons Logging discovery in action with spring-jcl: please remove commons-logging.jar from classpath in order to avoid potential conflicts
08:55:20.029 [main] INFO org.springframework.test.context.support.AnnotationConfigContextLoaderUtils -- Could not detect default configuration classes for test class [com.grad.handywork.HandyworkApplicationTests]: HandyworkApplicationTests does not declare any static, non-private, non-final, nested classes annotated with @Configuration.
08:55:20.088 [main] INFO org.springframework.boot.test.context.SpringBootTestContextBootstrapper -- Found @SpringBootConfiguration com.grad.handywork.HandyworkApplication for test class com.grad.handywork.HandyworkApplicationTests
08:55:20.174 [main] INFO org.springframework.boot.devtools.restart.RestartApplicationListener -- Restart disabled due to context in which it is running

  .   ____          _            __ _ _
 /\\ / ___'_ __ _ _(_)_ __  __ _ \ \ \ \
( ( )\___ | '_ | '_| | '_ \/ _` | \ \ \ \
 \\/  ___)| |_)| | | | | || (_| |  ) ) ) )
  '  |____| .__|_| |_|_| |_\__, | / / / /
 =========|_|==============|___/=/_/_/_/
 :: Spring Boot ::                (v3.1.8)

2024-08-02T08:55:20.331+03:00  INFO 68122 --- [           main] c.g.handywork.HandyworkApplicationTests  : Starting HandyworkApplicationTests using Java 21.0.4 with PID 68122 (started by inky in /home/inky/handywork)
2024-08-02T08:55:20.332+03:00  INFO 68122 --- [           main] c.g.handywork.HandyworkApplicationTests  : The following 1 profile is active: "prod"
2024-08-02T08:55:20.333+03:00 DEBUG 68122 --- [           main] o.s.boot.SpringApplication               : Loading source class com.grad.handywork.HandyworkApplication
2024-08-02T08:55:20.354+03:00 DEBUG 68122 --- [           main] o.s.w.c.s.GenericWebApplicationContext   : Refreshing org.springframework.web.context.support.GenericWebApplicationContext@ca27722
2024-08-02T08:55:20.367+03:00 DEBUG 68122 --- [           main] o.s.b.f.s.DefaultListableBeanFactory     : Creating shared instance of singleton bean 'org.springframework.context.annotation.internalConfigurationAnnotationProcessor'
2024-08-02T08:55:20.376+03:00 DEBUG 68122 --- [           main] o.s.b.f.s.DefaultListableBeanFactory     : Creating shared instance of singleton bean 'org.springframework.boot.autoconfigure.internalCachingMetadataReaderFactory'
2024-08-02T08:55:20.410+03:00 DEBUG 68122 --- [           main] o.s.c.a.ClassPathBeanDefinitionScanner   : Identified candidate component class: file [/home/inky/handywork/target/classes/com/grad/handywork/config/AspectConfig.class]
2024-08-02T08:55:20.411+03:00 DEBUG 68122 --- [           main] o.s.c.a.ClassPathBeanDefinitionScanner   : Identified candidate component class: file [/home/inky/handywork/target/classes/com/grad/handywork/config/AuthManagerConfig.class]
2024-08-02T08:55:20.411+03:00 DEBUG 68122 --- [           main] o.s.c.a.ClassPathBeanDefinitionScanner   : Identified candidate component class: file [/home/inky/handywork/target/classes/com/grad/handywork/config/AuthProviderConfig.class]
2024-08-02T08:55:20.411+03:00 DEBUG 68122 --- [           main] o.s.c.a.ClassPathBeanDefinitionScanner   : Identified candidate component class: file [/home/inky/handywork/target/classes/com/grad/handywork/config/CloudinaryConfig.class]
2024-08-02T08:55:20.412+03:00 DEBUG 68122 --- [           main] o.s.c.a.ClassPathBeanDefinitionScanner   : Identified candidate component class: file [/home/inky/handywork/target/classes/com/grad/handywork/config/JwtAuthFilter.class]
2024-08-02T08:55:20.412+03:00 DEBUG 68122 --- [           main] o.s.c.a.ClassPathBeanDefinitionScanner   : Identified candidate component class: file [/home/inky/handywork/target/classes/com/grad/handywork/config/PasswordEncoderConfig.class]
2024-08-02T08:55:20.415+03:00 DEBUG 68122 --- [           main] o.s.c.a.ClassPathBeanDefinitionScanner   : Identified candidate component class: file [/home/inky/handywork/target/classes/com/grad/handywork/config/SecurityFilterChainConfig.class]
2024-08-02T08:55:20.425+03:00 DEBUG 68122 --- [           main] o.s.c.a.ClassPathBeanDefinitionScanner   : Identified candidate component class: file [/home/inky/handywork/target/classes/com/grad/handywork/controller/AuthController.class]
2024-08-02T08:55:20.429+03:00 DEBUG 68122 --- [           main] o.s.c.a.ClassPathBeanDefinitionScanner   : Identified candidate component class: file [/home/inky/handywork/target/classes/com/grad/handywork/controller/JobController.class]
2024-08-02T08:55:20.430+03:00 DEBUG 68122 --- [           main] o.s.c.a.ClassPathBeanDefinitionScanner   : Identified candidate component class: file [/home/inky/handywork/target/classes/com/grad/handywork/controller/OfferController.class]
2024-08-02T08:55:20.431+03:00 DEBUG 68122 --- [           main] o.s.c.a.ClassPathBeanDefinitionScanner   : Identified candidate component class: file [/home/inky/handywork/target/classes/com/grad/handywork/controller/ReviewController.class]
2024-08-02T08:55:20.432+03:00 DEBUG 68122 --- [           main] o.s.c.a.ClassPathBeanDefinitionScanner   : Identified candidate component class: file [/home/inky/handywork/target/classes/com/grad/handywork/controller/UserController.class]
2024-08-02T08:55:20.459+03:00 DEBUG 68122 --- [           main] o.s.c.a.ClassPathBeanDefinitionScanner   : Identified candidate component class: file [/home/inky/handywork/target/classes/com/grad/handywork/exception/ResponseExceptionHandler.class]
2024-08-02T08:55:20.459+03:00 DEBUG 68122 --- [           main] o.s.c.a.ClassPathBeanDefinitionScanner   : Identified candidate component class: file [/home/inky/handywork/target/classes/com/grad/handywork/mapper/JobMapperImpl.class]
2024-08-02T08:55:20.460+03:00 DEBUG 68122 --- [           main] o.s.c.a.ClassPathBeanDefinitionScanner   : Identified candidate component class: file [/home/inky/handywork/target/classes/com/grad/handywork/mapper/JobOfferMapperImpl.class]
2024-08-02T08:55:20.461+03:00 DEBUG 68122 --- [           main] o.s.c.a.ClassPathBeanDefinitionScanner   : Identified candidate component class: file [/home/inky/handywork/target/classes/com/grad/handywork/mapper/JobReviewMapperImpl.class]
2024-08-02T08:55:20.461+03:00 DEBUG 68122 --- [           main] o.s.c.a.ClassPathBeanDefinitionScanner   : Identified candidate component class: file [/home/inky/handywork/target/classes/com/grad/handywork/mapper/UserMapperImpl.class]
2024-08-02T08:55:20.465+03:00 DEBUG 68122 --- [           main] o.s.c.a.ClassPathBeanDefinitionScanner   : Ignored because not a concrete top-level class: file [/home/inky/handywork/target/classes/com/grad/handywork/repo/JobRepository.class]
2024-08-02T08:55:20.465+03:00 DEBUG 68122 --- [           main] o.s.c.a.ClassPathBeanDefinitionScanner   : Ignored because not a concrete top-level class: file [/home/inky/handywork/target/classes/com/grad/handywork/repo/JobReviewRepository.class]
2024-08-02T08:55:20.466+03:00 DEBUG 68122 --- [           main] o.s.c.a.ClassPathBeanDefinitionScanner   : Ignored because not a concrete top-level class: file [/home/inky/handywork/target/classes/com/grad/handywork/repo/UserRepository.class]
2024-08-02T08:55:20.467+03:00 DEBUG 68122 --- [           main] o.s.c.a.ClassPathBeanDefinitionScanner   : Identified candidate component class: file [/home/inky/handywork/target/classes/com/grad/handywork/service/AuthService.class]
2024-08-02T08:55:20.467+03:00 DEBUG 68122 --- [           main] o.s.c.a.ClassPathBeanDefinitionScanner   : Identified candidate component class: file [/home/inky/handywork/target/classes/com/grad/handywork/service/CloudinaryService.class]
2024-08-02T08:55:20.468+03:00 DEBUG 68122 --- [           main] o.s.c.a.ClassPathBeanDefinitionScanner   : Identified candidate component class: file [/home/inky/handywork/target/classes/com/grad/handywork/service/JobService.class]
2024-08-02T08:55:20.468+03:00 DEBUG 68122 --- [           main] o.s.c.a.ClassPathBeanDefinitionScanner   : Identified candidate component class: file [/home/inky/handywork/target/classes/com/grad/handywork/service/JwtService.class]
2024-08-02T08:55:20.469+03:00 DEBUG 68122 --- [           main] o.s.c.a.ClassPathBeanDefinitionScanner   : Identified candidate component class: file [/home/inky/handywork/target/classes/com/grad/handywork/service/OfferService.class]
2024-08-02T08:55:20.469+03:00 DEBUG 68122 --- [           main] o.s.c.a.ClassPathBeanDefinitionScanner   : Identified candidate component class: file [/home/inky/handywork/target/classes/com/grad/handywork/service/ReviewService.class]
2024-08-02T08:55:20.469+03:00 DEBUG 68122 --- [           main] o.s.c.a.ClassPathBeanDefinitionScanner   : Identified candidate component class: file [/home/inky/handywork/target/classes/com/grad/handywork/service/UserDetailsServiceImpl.class]
2024-08-02T08:55:20.470+03:00 DEBUG 68122 --- [           main] o.s.c.a.ClassPathBeanDefinitionScanner   : Identified candidate component class: file [/home/inky/handywork/target/classes/com/grad/handywork/service/UserService.class]
2024-08-02T08:55:20.470+03:00 DEBUG 68122 --- [           main] o.s.c.a.ClassPathBeanDefinitionScanner   : Identified candidate component class: file [/home/inky/handywork/target/classes/com/grad/handywork/util/CloudinaryUtil.class]
2024-08-02T08:55:20.843+03:00  INFO 68122 --- [           main] .s.d.r.c.RepositoryConfigurationDelegate : Bootstrapping Spring Data JPA repositories in DEFAULT mode.
2024-08-02T08:55:20.847+03:00 DEBUG 68122 --- [           main] o.s.b.f.s.DefaultListableBeanFactory     : Creating shared instance of singleton bean 'org.springframework.boot.autoconfigure.AutoConfigurationPackages'
2024-08-02T08:55:20.852+03:00 DEBUG 68122 --- [           main] o.s.b.a.AutoConfigurationPackages        : @EnableAutoConfiguration was declared on a class in the package 'com.grad.handywork'. Automatic @Repository and @Entity scanning is enabled.
2024-08-02T08:55:20.852+03:00 DEBUG 68122 --- [           main] .s.d.r.c.RepositoryConfigurationDelegate : Scanning for JPA repositories in packages com.grad.handywork.
2024-08-02T08:55:20.865+03:00 DEBUG 68122 --- [           main] o.s.d.r.c.RepositoryComponentProvider    : Identified candidate component class: file [/home/inky/handywork/target/classes/com/grad/handywork/repo/JobOfferRepository.class]
2024-08-02T08:55:20.866+03:00 DEBUG 68122 --- [           main] o.s.d.r.c.RepositoryComponentProvider    : Identified candidate component class: file [/home/inky/handywork/target/classes/com/grad/handywork/repo/JobRepository.class]
2024-08-02T08:55:20.866+03:00 DEBUG 68122 --- [           main] o.s.d.r.c.RepositoryComponentProvider    : Identified candidate component class: file [/home/inky/handywork/target/classes/com/grad/handywork/repo/JobReviewRepository.class]
2024-08-02T08:55:20.866+03:00 DEBUG 68122 --- [           main] o.s.d.r.c.RepositoryComponentProvider    : Identified candidate component class: file [/home/inky/handywork/target/classes/com/grad/handywork/repo/UserRepository.class]
2024-08-02T08:55:20.889+03:00 DEBUG 68122 --- [           main] ssPathScanningCandidateComponentProvider : Identified candidate component class: file [/home/inky/handywork/target/classes/com/grad/handywork/mapper/JobMapperImpl.class]
2024-08-02T08:55:20.889+03:00 DEBUG 68122 --- [           main] ssPathScanningCandidateComponentProvider : Identified candidate component class: file [/home/inky/handywork/target/classes/com/grad/handywork/mapper/JobOfferMapperImpl.class]
2024-08-02T08:55:20.890+03:00 DEBUG 68122 --- [           main] ssPathScanningCandidateComponentProvider : Identified candidate component class: file [/home/inky/handywork/target/classes/com/grad/handywork/mapper/JobReviewMapperImpl.class]
2024-08-02T08:55:20.890+03:00 DEBUG 68122 --- [           main] ssPathScanningCandidateComponentProvider : Identified candidate component class: file [/home/inky/handywork/target/classes/com/grad/handywork/mapper/UserMapperImpl.class]
2024-08-02T08:55:20.890+03:00 DEBUG 68122 --- [           main] ssPathScanningCandidateComponentProvider : Identified candidate component class: file [/home/inky/handywork/target/classes/com/grad/handywork/service/UserDetailsServiceImpl.class]
2024-08-02T08:55:20.900+03:00  INFO 68122 --- [           main] .s.d.r.c.RepositoryConfigurationDelegate : Finished Spring Data repository scanning in 46 ms. Found 4 JPA repository interfaces.
2024-08-02T08:55:20.952+03:00 DEBUG 68122 --- [           main] o.s.b.f.s.DefaultListableBeanFactory     : Creating shared instance of singleton bean 'springSecurityHandlerMappingIntrospectorBeanDefinitionRegistryPostProcessor'
2024-08-02T08:55:21.032+03:00 DEBUG 68122 --- [           main] o.s.b.f.s.DefaultListableBeanFactory     : Creating shared instance of singleton bean 'propertySourcesPlaceholderConfigurer'
2024-08-02T08:55:21.035+03:00 DEBUG 68122 --- [           main] o.s.b.f.s.DefaultListableBeanFactory     : Creating shared instance of singleton bean 'org.springframework.boot.test.mock.mockito.MockitoPostProcessor'
2024-08-02T08:55:21.035+03:00 DEBUG 68122 --- [           main] o.s.b.f.s.DefaultListableBeanFactory     : Creating shared instance of singleton bean 'emBeanDefinitionRegistrarPostProcessor'
2024-08-02T08:55:21.036+03:00 DEBUG 68122 --- [           main] o.s.b.f.s.DefaultListableBeanFactory     : Creating shared instance of singleton bean 'org.springframework.boot.sql.init.dependency.DatabaseInitializationDependencyConfigurer$DependsOnDatabaseInitializationPostProcessor'
2024-08-02T08:55:21.080+03:00 DEBUG 68122 --- [           main] o.s.b.f.s.DefaultListableBeanFactory     : Creating shared instance of singleton bean 'org.springframework.context.event.internalEventListenerProcessor'
2024-08-02T08:55:21.081+03:00 DEBUG 68122 --- [           main] o.s.b.f.s.DefaultListableBeanFactory     : Creating shared instance of singleton bean 'conversionServicePostProcessor'
2024-08-02T08:55:21.110+03:00 DEBUG 68122 --- [           main] o.s.b.f.s.DefaultListableBeanFactory     : Creating shared instance of singleton bean 'preserveErrorControllerTargetClassPostProcessor'
2024-08-02T08:55:21.111+03:00 DEBUG 68122 --- [           main] o.s.b.f.s.DefaultListableBeanFactory     : Creating shared instance of singleton bean 'org.springframework.context.event.internalEventListenerFactory'
2024-08-02T08:55:21.111+03:00 DEBUG 68122 --- [           main] o.s.b.f.s.DefaultListableBeanFactory     : Creating shared instance of singleton bean 'org.springframework.transaction.config.internalTransactionalEventListenerFactory'
2024-08-02T08:55:21.113+03:00 DEBUG 68122 --- [           main] o.s.b.f.s.DefaultListableBeanFactory     : Creating shared instance of singleton bean 'org.springframework.boot.test.mock.mockito.MockitoPostProcessor$SpyPostProcessor'
2024-08-02T08:55:21.114+03:00 DEBUG 68122 --- [           main] o.s.b.f.s.DefaultListableBeanFactory     : Creating shared instance of singleton bean 'org.springframework.context.annotation.internalAutowiredAnnotationProcessor'
2024-08-02T08:55:21.115+03:00 DEBUG 68122 --- [           main] o.s.b.f.s.DefaultListableBeanFactory     : Creating shared instance of singleton bean 'org.springframework.context.annotation.internalCommonAnnotationProcessor'
2024-08-02T08:55:21.117+03:00 DEBUG 68122 --- [           main] o.s.b.f.s.DefaultListableBeanFactory     : Creating shared instance of singleton bean 'org.springframework.context.annotation.internalPersistenceAnnotationProcessor'
2024-08-02T08:55:21.117+03:00 DEBUG 68122 --- [           main] o.s.b.f.s.DefaultListableBeanFactory     : Creating shared instance of singleton bean 'org.springframework.boot.context.properties.ConfigurationPropertiesBindingPostProcessor'
2024-08-02T08:55:21.117+03:00 DEBUG 68122 --- [           main] o.s.b.f.s.DefaultListableBeanFactory     : Creating shared instance of singleton bean 'org.springframework.boot.context.internalConfigurationPropertiesBinder'
2024-08-02T08:55:21.118+03:00 DEBUG 68122 --- [           main] o.s.b.f.s.DefaultListableBeanFactory     : Creating shared instance of singleton bean 'jdbcConnectionDetailsHikariBeanPostProcessor'
2024-08-02T08:55:21.120+03:00 DEBUG 68122 --- [           main] o.s.b.f.s.DefaultListableBeanFactory     : Creating shared instance of singleton bean 'org.springframework.aop.config.internalAutoProxyCreator'
2024-08-02T08:55:21.132+03:00 DEBUG 68122 --- [           main] o.s.b.f.s.DefaultListableBeanFactory     : Creating shared instance of singleton bean 'methodValidationPostProcessor'
2024-08-02T08:55:21.141+03:00 DEBUG 68122 --- [           main] o.s.b.f.s.DefaultListableBeanFactory     : Autowiring by type from bean name 'methodValidationPostProcessor' via factory method to bean named 'environment'
2024-08-02T08:55:21.143+03:00 DEBUG 68122 --- [           main] o.s.b.f.s.DefaultListableBeanFactory     : Creating shared instance of singleton bean 'org.springframework.boot.context.properties.EnableConfigurationPropertiesRegistrar.methodValidationExcludeFilter'
2024-08-02T08:55:21.149+03:00 DEBUG 68122 --- [           main] o.s.b.f.s.DefaultListableBeanFactory     : Creating shared instance of singleton bean 'persistenceExceptionTranslationPostProcessor'
2024-08-02T08:55:21.149+03:00 DEBUG 68122 --- [           main] o.s.b.f.s.DefaultListableBeanFactory     : Autowiring by type from bean name 'persistenceExceptionTranslationPostProcessor' via factory method to bean named 'environment'
2024-08-02T08:55:21.150+03:00 DEBUG 68122 --- [           main] o.s.b.f.s.DefaultListableBeanFactory     : Creating shared instance of singleton bean 'webServerFactoryCustomizerBeanPostProcessor'
2024-08-02T08:55:21.151+03:00 DEBUG 68122 --- [           main] o.s.b.f.s.DefaultListableBeanFactory     : Creating shared instance of singleton bean 'errorPageRegistrarBeanPostProcessor'
2024-08-02T08:55:21.151+03:00 DEBUG 68122 --- [           main] o.s.b.f.s.DefaultListableBeanFactory     : Creating shared instance of singleton bean 'projectingArgumentResolverBeanPostProcessor'
2024-08-02T08:55:21.152+03:00 DEBUG 68122 --- [           main] o.s.b.f.s.DefaultListableBeanFactory     : Creating shared instance of singleton bean 'org.springframework.transaction.config.internalTransactionAdvisor'
2024-08-02T08:55:21.152+03:00 DEBUG 68122 --- [           main] o.s.b.f.s.DefaultListableBeanFactory     : Creating shared instance of singleton bean 'org.springframework.transaction.annotation.ProxyTransactionManagementConfiguration'
2024-08-02T08:55:21.162+03:00 DEBUG 68122 --- [           main] .s.a.a.a.ReflectiveAspectJAdvisorFactory : Found AspectJ method: public void com.grad.handywork.aop.SecurityAspect.secureAcceptOffer(java.lang.String,java.lang.Long)
2024-08-02T08:55:21.166+03:00 DEBUG 68122 --- [           main] .s.a.a.a.ReflectiveAspectJAdvisorFactory : Found AspectJ method: public void com.grad.handywork.aop.SecurityAspect.secureDeleteOffer(java.lang.String,java.lang.Long)
2024-08-02T08:55:21.166+03:00 DEBUG 68122 --- [           main] .s.a.a.a.ReflectiveAspectJAdvisorFactory : Found AspectJ method: public void com.grad.handywork.aop.SecurityAspect.secureMakeReview(java.lang.String,java.lang.Long,com.grad.handywork.dto.JobReviewDto)
2024-08-02T08:55:21.167+03:00 DEBUG 68122 --- [           main] .s.a.a.a.ReflectiveAspectJAdvisorFactory : Found AspectJ method: public void com.grad.handywork.aop.SecurityAspect.secureUpdateJob(java.lang.String,java.lang.Long)
2024-08-02T08:55:21.167+03:00 DEBUG 68122 --- [           main] .s.a.a.a.ReflectiveAspectJAdvisorFactory : Found AspectJ method: public void com.grad.handywork.aop.SecurityAspect.secureUpdateReview(java.lang.String,java.lang.Long)
2024-08-02T08:55:21.167+03:00 DEBUG 68122 --- [           main] .s.a.a.a.ReflectiveAspectJAdvisorFactory : Found AspectJ method: public void com.grad.handywork.aop.SecurityAspect.secureUserUpdateAndJobSave(java.lang.String,java.lang.String)
2024-08-02T08:55:21.169+03:00 DEBUG 68122 --- [           main] .s.a.a.a.ReflectiveAspectJAdvisorFactory : Found AspectJ method: public void com.grad.handywork.aop.UserPreprocessAspect.beforeSaveJob(com.grad.handywork.dto.JobDto)
2024-08-02T08:55:21.169+03:00 DEBUG 68122 --- [           main] .s.a.a.a.ReflectiveAspectJAdvisorFactory : Found AspectJ method: public void com.grad.handywork.aop.UserPreprocessAspect.beforeSaveUser(com.grad.handywork.dto.UserDto)
2024-08-02T08:55:21.170+03:00 DEBUG 68122 --- [           main] .s.a.a.a.ReflectiveAspectJAdvisorFactory : Found AspectJ method: public void com.grad.handywork.aop.UserPreprocessAspect.beforeUpdateMain(java.lang.String,com.grad.handywork.dto.UserUpdateMainDto) throws javax.management.BadAttributeValueExpException
2024-08-02T08:55:21.170+03:00 DEBUG 68122 --- [           main] .s.a.a.a.ReflectiveAspectJAdvisorFactory : Found AspectJ method: public void com.grad.handywork.aop.UserPreprocessAspect.beforeUpdatePassword(com.grad.handywork.dto.PasswordDto)
2024-08-02T08:55:21.170+03:00 DEBUG 68122 --- [           main] .s.a.a.a.ReflectiveAspectJAdvisorFactory : Found AspectJ method: public void com.grad.handywork.aop.UserPreprocessAspect.beforeUpdatePfpUrl(com.grad.handywork.dto.PfpFileDto)
2024-08-02T08:55:21.171+03:00 DEBUG 68122 --- [           main] .s.a.a.a.ReflectiveAspectJAdvisorFactory : Found AspectJ method: public void com.grad.handywork.aop.JobPreprocessAspect.beforeDeleteJob(java.lang.String,java.lang.Long)
2024-08-02T08:55:21.171+03:00 DEBUG 68122 --- [           main] .s.a.a.a.ReflectiveAspectJAdvisorFactory : Found AspectJ method: public void com.grad.handywork.aop.JobPreprocessAspect.beforeMakeOffer(java.lang.String,java.lang.Long,com.grad.handywork.dto.JobOfferDto)
2024-08-02T08:55:21.172+03:00 DEBUG 68122 --- [           main] .s.a.a.a.ReflectiveAspectJAdvisorFactory : Found AspectJ method: public void com.grad.handywork.aop.JobOfferPreprocessAspect.beforeDeleteOffer(java.lang.String,java.lang.Long)
2024-08-02T08:55:21.172+03:00 DEBUG 68122 --- [           main] .s.a.a.a.ReflectiveAspectJAdvisorFactory : Found AspectJ method: public void com.grad.handywork.aop.JobOfferPreprocessAspect.beforeOfferOpp(java.lang.String,java.lang.Long)
2024-08-02T08:55:21.172+03:00 DEBUG 68122 --- [           main] .s.a.a.a.ReflectiveAspectJAdvisorFactory : Found AspectJ method: public void com.grad.handywork.aop.JobReviewPreprocessAspect.beforeMakeReview(java.lang.String,java.lang.Long,com.grad.handywork.dto.JobReviewDto)
2024-08-02T08:55:21.262+03:00 DEBUG 68122 --- [           main] o.s.b.f.s.DefaultListableBeanFactory     : Creating shared instance of singleton bean 'transactionAttributeSource'
2024-08-02T08:55:21.266+03:00 DEBUG 68122 --- [           main] o.s.b.f.s.DefaultListableBeanFactory     : Creating shared instance of singleton bean 'transactionInterceptor'
2024-08-02T08:55:21.266+03:00 DEBUG 68122 --- [           main] o.s.b.f.s.DefaultListableBeanFactory     : Autowiring by type from bean name 'transactionInterceptor' via factory method to bean named 'transactionAttributeSource'
2024-08-02T08:55:21.269+03:00 DEBUG 68122 --- [           main] o.s.b.f.s.DefaultListableBeanFactory     : Autowiring by type from bean name 'org.springframework.transaction.config.internalTransactionAdvisor' via factory method to bean named 'transactionAttributeSource'
2024-08-02T08:55:21.269+03:00 DEBUG 68122 --- [           main] o.s.b.f.s.DefaultListableBeanFactory     : Autowiring by type from bean name 'org.springframework.transaction.config.internalTransactionAdvisor' via factory method to bean named 'transactionInterceptor'
2024-08-02T08:55:21.284+03:00 DEBUG 68122 --- [           main] o.s.u.c.s.UiApplicationContextUtils      : Unable to locate ThemeSource with name 'themeSource': using default [org.springframework.ui.context.support.ResourceBundleThemeSource@661fe025]
2024-08-02T08:55:21.285+03:00 DEBUG 68122 --- [           main] o.s.b.f.s.DefaultListableBeanFactory     : Creating shared instance of singleton bean 'dataSourceScriptDatabaseInitializer'
2024-08-02T08:55:21.285+03:00 DEBUG 68122 --- [           main] o.s.b.f.s.DefaultListableBeanFactory     : Creating shared instance of singleton bean 'org.springframework.boot.autoconfigure.sql.init.DataSourceInitializationConfiguration'
2024-08-02T08:55:21.288+03:00 DEBUG 68122 --- [           main] o.s.b.f.s.DefaultListableBeanFactory     : Creating shared instance of singleton bean 'dataSource'
2024-08-02T08:55:21.288+03:00 DEBUG 68122 --- [           main] o.s.b.f.s.DefaultListableBeanFactory     : Creating shared instance of singleton bean 'org.springframework.boot.autoconfigure.jdbc.DataSourceConfiguration$Hikari'
2024-08-02T08:55:21.290+03:00 DEBUG 68122 --- [           main] o.s.b.f.s.DefaultListableBeanFactory     : Creating shared instance of singleton bean 'spring.datasource-org.springframework.boot.autoconfigure.jdbc.DataSourceProperties'
2024-08-02T08:55:21.291+03:00 DEBUG 68122 --- [           main] o.s.b.f.s.DefaultListableBeanFactory     : Creating shared instance of singleton bean 'org.springframework.boot.context.properties.BoundConfigurationProperties'
2024-08-02T08:55:21.309+03:00 DEBUG 68122 --- [           main] o.s.b.f.s.DefaultListableBeanFactory     : Creating shared instance of singleton bean 'jdbcConnectionDetails'
2024-08-02T08:55:21.309+03:00 DEBUG 68122 --- [           main] o.s.b.f.s.DefaultListableBeanFactory     : Creating shared instance of singleton bean 'org.springframework.boot.autoconfigure.jdbc.DataSourceAutoConfiguration$PooledDataSourceConfiguration'
2024-08-02T08:55:21.311+03:00 DEBUG 68122 --- [           main] o.s.b.f.s.DefaultListableBeanFactory     : Autowiring by type from bean name 'jdbcConnectionDetails' via factory method to bean named 'spring.datasource-org.springframework.boot.autoconfigure.jdbc.DataSourceProperties'
2024-08-02T08:55:21.313+03:00 DEBUG 68122 --- [           main] o.s.b.f.s.DefaultListableBeanFactory     : Autowiring by type from bean name 'dataSource' via factory method to bean named 'spring.datasource-org.springframework.boot.autoconfigure.jdbc.DataSourceProperties'
2024-08-02T08:55:21.313+03:00 DEBUG 68122 --- [           main] o.s.b.f.s.DefaultListableBeanFactory     : Autowiring by type from bean name 'dataSource' via factory method to bean named 'jdbcConnectionDetails'
2024-08-02T08:55:21.339+03:00 DEBUG 68122 --- [           main] o.s.b.f.s.DefaultListableBeanFactory     : Creating shared instance of singleton bean 'spring.sql.init-org.springframework.boot.autoconfigure.sql.init.SqlInitializationProperties'
2024-08-02T08:55:21.343+03:00 DEBUG 68122 --- [           main] o.s.b.f.s.DefaultListableBeanFactory     : Autowiring by type from bean name 'dataSourceScriptDatabaseInitializer' via factory method to bean named 'dataSource'
2024-08-02T08:55:21.343+03:00 DEBUG 68122 --- [           main] o.s.b.f.s.DefaultListableBeanFactory     : Autowiring by type from bean name 'dataSourceScriptDatabaseInitializer' via factory method to bean named 'spring.sql.init-org.springframework.boot.autoconfigure.sql.init.SqlInitializationProperties'
2024-08-02T08:55:21.348+03:00 DEBUG 68122 --- [           main] o.s.b.f.s.DefaultListableBeanFactory     : Creating shared instance of singleton bean 'entityManagerFactory'
2024-08-02T08:55:21.348+03:00 DEBUG 68122 --- [           main] o.s.b.f.s.DefaultListableBeanFactory     : Creating shared instance of singleton bean 'org.springframework.boot.autoconfigure.orm.jpa.HibernateJpaConfiguration'
2024-08-02T08:55:21.349+03:00 DEBUG 68122 --- [           main] o.s.b.f.s.DefaultListableBeanFactory     : Creating shared instance of singleton bean 'spring.jpa-org.springframework.boot.autoconfigure.orm.jpa.JpaProperties'
2024-08-02T08:55:21.353+03:00 DEBUG 68122 --- [           main] o.s.b.f.s.DefaultListableBeanFactory     : Creating shared instance of singleton bean 'spring.jpa.hibernate-org.springframework.boot.autoconfigure.orm.jpa.HibernateProperties'
2024-08-02T08:55:21.355+03:00 DEBUG 68122 --- [           main] o.s.b.f.s.DefaultListableBeanFactory     : Autowiring by type from bean name 'org.springframework.boot.autoconfigure.orm.jpa.HibernateJpaConfiguration' via constructor to bean named 'dataSource'
2024-08-02T08:55:21.356+03:00 DEBUG 68122 --- [           main] o.s.b.f.s.DefaultListableBeanFactory     : Autowiring by type from bean name 'org.springframework.boot.autoconfigure.orm.jpa.HibernateJpaConfiguration' via constructor to bean named 'spring.jpa-org.springframework.boot.autoconfigure.orm.jpa.JpaProperties'
2024-08-02T08:55:21.356+03:00 DEBUG 68122 --- [           main] o.s.b.f.s.DefaultListableBeanFactory     : Autowiring by type from bean name 'org.springframework.boot.autoconfigure.orm.jpa.HibernateJpaConfiguration' via constructor to bean named 'org.springframework.beans.factory.support.DefaultListableBeanFactory@777c9dc9'
2024-08-02T08:55:21.356+03:00 DEBUG 68122 --- [           main] o.s.b.f.s.DefaultListableBeanFactory     : Autowiring by type from bean name 'org.springframework.boot.autoconfigure.orm.jpa.HibernateJpaConfiguration' via constructor to bean named 'spring.jpa.hibernate-org.springframework.boot.autoconfigure.orm.jpa.HibernateProperties'
2024-08-02T08:55:21.358+03:00 DEBUG 68122 --- [           main] o.s.b.f.s.DefaultListableBeanFactory     : Creating shared instance of singleton bean 'hikariPoolDataSourceMetadataProvider'
2024-08-02T08:55:21.359+03:00 DEBUG 68122 --- [           main] o.s.b.f.s.DefaultListableBeanFactory     : Creating shared instance of singleton bean 'org.springframework.boot.autoconfigure.jdbc.metadata.DataSourcePoolMetadataProvidersConfiguration$HikariPoolDataSourceMetadataProviderConfiguration'
2024-08-02T08:55:21.368+03:00 DEBUG 68122 --- [           main] o.s.b.f.s.DefaultListableBeanFactory     : Creating shared instance of singleton bean 'entityManagerFactoryBuilder'
2024-08-02T08:55:21.369+03:00 DEBUG 68122 --- [           main] o.s.b.f.s.DefaultListableBeanFactory     : Creating shared instance of singleton bean 'jpaVendorAdapter'
2024-08-02T08:55:21.376+03:00 DEBUG 68122 --- [           main] o.s.b.f.s.DefaultListableBeanFactory     : Autowiring by type from bean name 'entityManagerFactoryBuilder' via factory method to bean named 'jpaVendorAdapter'
2024-08-02T08:55:21.380+03:00 DEBUG 68122 --- [           main] o.s.b.f.s.DefaultListableBeanFactory     : Creating shared instance of singleton bean 'persistenceManagedTypes'
2024-08-02T08:55:21.381+03:00 DEBUG 68122 --- [           main] o.s.b.f.s.DefaultListableBeanFactory     : Autowiring by type from bean name 'persistenceManagedTypes' via factory method to bean named 'org.springframework.beans.factory.support.DefaultListableBeanFactory@777c9dc9'
2024-08-02T08:55:21.381+03:00 DEBUG 68122 --- [           main] o.s.b.f.s.DefaultListableBeanFactory     : Autowiring by type from bean name 'persistenceManagedTypes' via factory method to bean named 'org.springframework.web.context.support.GenericWebApplicationContext@ca27722'
2024-08-02T08:55:21.397+03:00 DEBUG 68122 --- [           main] o.s.b.f.s.DefaultListableBeanFactory     : Autowiring by type from bean name 'entityManagerFactory' via factory method to bean named 'entityManagerFactoryBuilder'
2024-08-02T08:55:21.397+03:00 DEBUG 68122 --- [           main] o.s.b.f.s.DefaultListableBeanFactory     : Autowiring by type from bean name 'entityManagerFactory' via factory method to bean named 'persistenceManagedTypes'
2024-08-02T08:55:21.406+03:00 DEBUG 68122 --- [           main] j.LocalContainerEntityManagerFactoryBean : Building JPA container EntityManagerFactory for persistence unit 'default'
2024-08-02T08:55:21.416+03:00  INFO 68122 --- [           main] o.hibernate.jpa.internal.util.LogHelper  : HHH000204: Processing PersistenceUnitInfo [name: default]
2024-08-02T08:55:21.446+03:00  INFO 68122 --- [           main] org.hibernate.Version                    : HHH000412: Hibernate ORM core version 6.2.20.Final
2024-08-02T08:55:21.447+03:00  INFO 68122 --- [           main] org.hibernate.cfg.Environment            : HHH000406: Using bytecode reflection optimizer
2024-08-02T08:55:21.600+03:00  INFO 68122 --- [           main] o.s.o.j.p.SpringPersistenceUnitInfo      : No LoadTimeWeaver setup: ignoring JPA class transformer
2024-08-02T08:55:21.616+03:00  INFO 68122 --- [           main] com.zaxxer.hikari.HikariDataSource       : HikariPool-1 - Starting...
2024-08-02T08:55:22.245+03:00  INFO 68122 --- [           main] com.zaxxer.hikari.pool.HikariPool        : HikariPool-1 - Added connection com.mysql.cj.jdbc.ConnectionImpl@6133e20b
2024-08-02T08:55:22.246+03:00  INFO 68122 --- [           main] com.zaxxer.hikari.HikariDataSource       : HikariPool-1 - Start completed.
2024-08-02T08:55:22.334+03:00  WARN 68122 --- [           main] org.hibernate.dialect.Dialect            : HHH000511: The 5.5.0 version for [org.hibernate.dialect.MySQLDialect] is no longer supported, hence certain features may not work properly. The minimum supported version is 5.7.0. Check the community dialects project for available legacy versions.
2024-08-02T08:55:22.938+03:00  INFO 68122 --- [           main] o.h.e.t.j.p.i.JtaPlatformInitiator       : HHH000489: No JTA platform available (set 'hibernate.transaction.jta.platform' to enable JTA platform integration)
2024-08-02T08:55:23.434+03:00  INFO 68122 --- [           main] j.LocalContainerEntityManagerFactoryBean : Initialized JPA EntityManagerFactory for persistence unit 'default'
2024-08-02T08:55:23.439+03:00 DEBUG 68122 --- [           main] o.s.b.f.s.DefaultListableBeanFactory     : Creating shared instance of singleton bean 'handyworkApplication'
2024-08-02T08:55:23.441+03:00 DEBUG 68122 --- [           main] o.s.b.f.s.DefaultListableBeanFactory     : Creating shared instance of singleton bean 'aspectConfig'
2024-08-02T08:55:23.443+03:00 DEBUG 68122 --- [           main] ySourcesPropertyResolver$DefaultResolver : Found key 'DEFAULT_PFP_URL' in PropertySource 'Config resource 'class path resource [application.properties]' via location 'optional:classpath:/'' with value of type String
2024-08-02T08:55:23.443+03:00 DEBUG 68122 --- [           main] o.s.c.e.PropertySourcesPropertyResolver  : Found key 'DEFAULT_PFP_URL' in PropertySource 'environmentProperties' with value of type String
2024-08-02T08:55:23.443+03:00 DEBUG 68122 --- [           main] ySourcesPropertyResolver$DefaultResolver : Found key 'DEFAULT_JOB_P_URL' in PropertySource 'Config resource 'class path resource [application.properties]' via location 'optional:classpath:/'' with value of type String
2024-08-02T08:55:23.443+03:00 DEBUG 68122 --- [           main] o.s.c.e.PropertySourcesPropertyResolver  : Found key 'DEFAULT_JOB_P_URL' in PropertySource 'environmentProperties' with value of type String
2024-08-02T08:55:23.445+03:00 DEBUG 68122 --- [           main] o.s.b.f.s.DefaultListableBeanFactory     : Creating shared instance of singleton bean 'authManagerConfig'
2024-08-02T08:55:23.446+03:00 DEBUG 68122 --- [           main] o.s.b.f.s.DefaultListableBeanFactory     : Creating shared instance of singleton bean 'authProviderConfig'
2024-08-02T08:55:23.447+03:00 DEBUG 68122 --- [           main] o.s.b.f.s.DefaultListableBeanFactory     : Creating shared instance of singleton bean 'userDetailsServiceImpl'
2024-08-02T08:55:23.447+03:00 DEBUG 68122 --- [           main] o.s.b.f.s.DefaultListableBeanFactory     : Creating shared instance of singleton bean 'userRepository'
2024-08-02T08:55:23.451+03:00 DEBUG 68122 --- [           main] o.s.b.f.s.DefaultListableBeanFactory     : Creating shared instance of singleton bean 'jpa.named-queries#3'
2024-08-02T08:55:23.455+03:00 DEBUG 68122 --- [           main] o.s.b.f.s.DefaultListableBeanFactory     : Creating shared instance of singleton bean 'jpa.UserRepository.fragments#0'
2024-08-02T08:55:23.460+03:00 DEBUG 68122 --- [           main] o.s.b.f.s.DefaultListableBeanFactory     : Creating shared instance of singleton bean 'jpaSharedEM_entityManagerFactory'
2024-08-02T08:55:23.479+03:00 DEBUG 68122 --- [           main] o.s.b.f.s.DefaultListableBeanFactory     : Creating shared instance of singleton bean 'jpaMappingContext'
2024-08-02T08:55:23.480+03:00 DEBUG 68122 --- [           main] .c.JpaMetamodelMappingContextFactoryBean : Initializing JpaMetamodelMappingContext…
2024-08-02T08:55:23.487+03:00 DEBUG 68122 --- [           main] .c.JpaMetamodelMappingContextFactoryBean : Finished initializing JpaMetamodelMappingContext
2024-08-02T08:55:23.507+03:00 DEBUG 68122 --- [           main] tor$SharedEntityManagerInvocationHandler : Creating new EntityManager for shared EntityManager invocation
2024-08-02T08:55:23.545+03:00 DEBUG 68122 --- [           main] tor$SharedEntityManagerInvocationHandler : Creating new EntityManager for shared EntityManager invocation
2024-08-02T08:55:23.589+03:00 DEBUG 68122 --- [           main] o.s.d.r.c.s.RepositoryFactorySupport     : Initializing repository instance for com.grad.handywork.repo.UserRepository…
2024-08-02T08:55:23.599+03:00 DEBUG 68122 --- [           main] tor$SharedEntityManagerInvocationHandler : Creating new EntityManager for shared EntityManager invocation
2024-08-02T08:55:23.662+03:00 DEBUG 68122 --- [           main] o.s.d.jpa.repository.query.NamedQuery    : Looking up named query User.findByUsername
2024-08-02T08:55:23.664+03:00 DEBUG 68122 --- [           main] o.s.d.jpa.repository.query.NamedQuery    : Did not find named query User.findByUsername
2024-08-02T08:55:23.665+03:00 DEBUG 68122 --- [           main] tor$SharedEntityManagerInvocationHandler : Creating new EntityManager for shared EntityManager invocation
2024-08-02T08:55:23.701+03:00 DEBUG 68122 --- [           main] o.s.d.jpa.repository.query.NamedQuery    : Looking up named query User.existsByPhoneNumber
2024-08-02T08:55:23.702+03:00 DEBUG 68122 --- [           main] o.s.d.jpa.repository.query.NamedQuery    : Did not find named query User.existsByPhoneNumber
2024-08-02T08:55:23.702+03:00 DEBUG 68122 --- [           main] tor$SharedEntityManagerInvocationHandler : Creating new EntityManager for shared EntityManager invocation
2024-08-02T08:55:23.704+03:00 DEBUG 68122 --- [           main] o.s.d.jpa.repository.query.NamedQuery    : Looking up named query User.findByEmail
2024-08-02T08:55:23.705+03:00 DEBUG 68122 --- [           main] o.s.d.jpa.repository.query.NamedQuery    : Did not find named query User.findByEmail
2024-08-02T08:55:23.705+03:00 DEBUG 68122 --- [           main] tor$SharedEntityManagerInvocationHandler : Creating new EntityManager for shared EntityManager invocation
2024-08-02T08:55:23.706+03:00 DEBUG 68122 --- [           main] o.s.d.jpa.repository.query.NamedQuery    : Looking up named query User.findByPhoneNumber
2024-08-02T08:55:23.706+03:00 DEBUG 68122 --- [           main] o.s.d.jpa.repository.query.NamedQuery    : Did not find named query User.findByPhoneNumber
2024-08-02T08:55:23.706+03:00 DEBUG 68122 --- [           main] tor$SharedEntityManagerInvocationHandler : Creating new EntityManager for shared EntityManager invocation
2024-08-02T08:55:23.707+03:00 DEBUG 68122 --- [           main] o.s.d.jpa.repository.query.NamedQuery    : Looking up named query User.existsByEmail
2024-08-02T08:55:23.707+03:00 DEBUG 68122 --- [           main] o.s.d.jpa.repository.query.NamedQuery    : Did not find named query User.existsByEmail
2024-08-02T08:55:23.707+03:00 DEBUG 68122 --- [           main] tor$SharedEntityManagerInvocationHandler : Creating new EntityManager for shared EntityManager invocation
2024-08-02T08:55:23.708+03:00 DEBUG 68122 --- [           main] o.s.d.jpa.repository.query.NamedQuery    : Looking up named query User.existsByUsername
2024-08-02T08:55:23.709+03:00 DEBUG 68122 --- [           main] o.s.d.jpa.repository.query.NamedQuery    : Did not find named query User.existsByUsername
2024-08-02T08:55:23.709+03:00 DEBUG 68122 --- [           main] tor$SharedEntityManagerInvocationHandler : Creating new EntityManager for shared EntityManager invocation
2024-08-02T08:55:23.712+03:00 DEBUG 68122 --- [           main] o.s.d.r.c.s.RepositoryFactorySupport     : Finished creation of repository instance for com.grad.handywork.repo.UserRepository.
2024-08-02T08:55:23.723+03:00 DEBUG 68122 --- [           main] o.s.b.f.s.DefaultListableBeanFactory     : Creating shared instance of singleton bean 'passwordEncoder'
2024-08-02T08:55:23.724+03:00 DEBUG 68122 --- [           main] o.s.b.f.s.DefaultListableBeanFactory     : Creating shared instance of singleton bean 'passwordEncoderConfig'
2024-08-02T08:55:23.728+03:00 DEBUG 68122 --- [           main] o.s.b.f.s.DefaultListableBeanFactory     : Creating shared instance of singleton bean 'cloudinaryConfig'
2024-08-02T08:55:23.729+03:00 DEBUG 68122 --- [           main] o.s.b.f.s.DefaultListableBeanFactory     : Creating shared instance of singleton bean 'jwtAuthFilter'
2024-08-02T08:55:23.730+03:00 DEBUG 68122 --- [           main] o.s.b.f.s.DefaultListableBeanFactory     : Creating shared instance of singleton bean 'JwtService'
2024-08-02T08:55:23.740+03:00 DEBUG 68122 --- [           main] o.s.b.f.s.DefaultListableBeanFactory     : Creating shared instance of singleton bean 'securityFilterChainConfig'
2024-08-02T08:55:23.741+03:00 DEBUG 68122 --- [           main] o.s.b.f.s.DefaultListableBeanFactory     : Creating shared instance of singleton bean 'authenticationProvider'
2024-08-02T08:55:23.766+03:00 DEBUG 68122 --- [           main] o.s.b.f.s.DefaultListableBeanFactory     : Creating shared instance of singleton bean 'authController'
2024-08-02T08:55:23.768+03:00 DEBUG 68122 --- [           main] o.s.b.f.s.DefaultListableBeanFactory     : Creating shared instance of singleton bean 'AuthService'
2024-08-02T08:55:23.769+03:00 DEBUG 68122 --- [           main] o.s.b.f.s.DefaultListableBeanFactory     : Creating shared instance of singleton bean 'authenticationManager'
2024-08-02T08:55:23.769+03:00 DEBUG 68122 --- [           main] o.s.b.f.s.DefaultListableBeanFactory     : Creating shared instance of singleton bean 'org.springframework.security.config.annotation.authentication.configuration.AuthenticationConfiguration'
2024-08-02T08:55:23.771+03:00 DEBUG 68122 --- [           main] o.s.b.f.s.DefaultListableBeanFactory     : Creating shared instance of singleton bean 'enableGlobalAuthenticationAutowiredConfigurer'
2024-08-02T08:55:23.771+03:00 DEBUG 68122 --- [           main] o.s.b.f.s.DefaultListableBeanFactory     : Autowiring by type from bean name 'enableGlobalAuthenticationAutowiredConfigurer' via factory method to bean named 'org.springframework.web.context.support.GenericWebApplicationContext@ca27722'
2024-08-02T08:55:23.773+03:00 DEBUG 68122 --- [           main] o.s.b.f.s.DefaultListableBeanFactory     : Creating shared instance of singleton bean 'initializeUserDetailsBeanManagerConfigurer'
2024-08-02T08:55:23.773+03:00 DEBUG 68122 --- [           main] o.s.b.f.s.DefaultListableBeanFactory     : Autowiring by type from bean name 'initializeUserDetailsBeanManagerConfigurer' via factory method to bean named 'org.springframework.web.context.support.GenericWebApplicationContext@ca27722'
2024-08-02T08:55:23.774+03:00 DEBUG 68122 --- [           main] o.s.b.f.s.DefaultListableBeanFactory     : Creating shared instance of singleton bean 'initializeAuthenticationProviderBeanManagerConfigurer'
2024-08-02T08:55:23.774+03:00 DEBUG 68122 --- [           main] o.s.b.f.s.DefaultListableBeanFactory     : Autowiring by type from bean name 'initializeAuthenticationProviderBeanManagerConfigurer' via factory method to bean named 'org.springframework.web.context.support.GenericWebApplicationContext@ca27722'
2024-08-02T08:55:23.776+03:00 DEBUG 68122 --- [           main] o.s.b.f.s.DefaultListableBeanFactory     : Creating shared instance of singleton bean 'objectPostProcessor'
2024-08-02T08:55:23.777+03:00 DEBUG 68122 --- [           main] o.s.b.f.s.DefaultListableBeanFactory     : Creating shared instance of singleton bean 'org.springframework.security.config.annotation.configuration.ObjectPostProcessorConfiguration'
2024-08-02T08:55:23.778+03:00 DEBUG 68122 --- [           main] o.s.b.f.s.DefaultListableBeanFactory     : Autowiring by type from bean name 'objectPostProcessor' via factory method to bean named 'org.springframework.beans.factory.support.DefaultListableBeanFactory@777c9dc9'
2024-08-02T08:55:23.781+03:00 DEBUG 68122 --- [           main] o.s.b.f.s.DefaultListableBeanFactory     : Autowiring by type from bean name 'authenticationManager' via factory method to bean named 'org.springframework.security.config.annotation.authentication.configuration.AuthenticationConfiguration'
2024-08-02T08:55:23.782+03:00 DEBUG 68122 --- [           main] o.s.b.f.s.DefaultListableBeanFactory     : Creating shared instance of singleton bean 'authenticationManagerBuilder'
2024-08-02T08:55:23.782+03:00 DEBUG 68122 --- [           main] o.s.b.f.s.DefaultListableBeanFactory     : Autowiring by type from bean name 'authenticationManagerBuilder' via factory method to bean named 'objectPostProcessor'
2024-08-02T08:55:23.782+03:00 DEBUG 68122 --- [           main] o.s.b.f.s.DefaultListableBeanFactory     : Autowiring by type from bean name 'authenticationManagerBuilder' via factory method to bean named 'org.springframework.web.context.support.GenericWebApplicationContext@ca27722'
2024-08-02T08:55:23.783+03:00 DEBUG 68122 --- [           main] o.s.b.f.s.DefaultListableBeanFactory     : Creating shared instance of singleton bean 'authenticationEventPublisher'
2024-08-02T08:55:23.783+03:00 DEBUG 68122 --- [           main] o.s.b.f.s.DefaultListableBeanFactory     : Creating shared instance of singleton bean 'org.springframework.boot.autoconfigure.security.servlet.SecurityAutoConfiguration'
2024-08-02T08:55:23.785+03:00 DEBUG 68122 --- [           main] o.s.b.f.s.DefaultListableBeanFactory     : Autowiring by type from bean name 'authenticationEventPublisher' via factory method to bean named 'org.springframework.web.context.support.GenericWebApplicationContext@ca27722'
2024-08-02T08:55:23.802+03:00 DEBUG 68122 --- [           main] o.s.b.f.s.DefaultListableBeanFactory     : Creating shared instance of singleton bean 'jobController'
2024-08-02T08:55:23.805+03:00 DEBUG 68122 --- [           main] o.s.b.f.s.DefaultListableBeanFactory     : Creating shared instance of singleton bean 'jobService'
2024-08-02T08:55:23.807+03:00 DEBUG 68122 --- [           main] o.s.b.f.s.DefaultListableBeanFactory     : Creating shared instance of singleton bean 'jobMapperImpl'
2024-08-02T08:55:23.809+03:00 DEBUG 68122 --- [           main] o.s.b.f.s.DefaultListableBeanFactory     : Creating shared instance of singleton bean 'jobOfferMapperImpl'
2024-08-02T08:55:23.811+03:00 DEBUG 68122 --- [           main] o.s.b.f.s.DefaultListableBeanFactory     : Creating shared instance of singleton bean 'jobReviewMapperImpl'
2024-08-02T08:55:23.813+03:00 DEBUG 68122 --- [           main] o.s.b.f.s.DefaultListableBeanFactory     : Creating shared instance of singleton bean 'JobRepository'
2024-08-02T08:55:23.814+03:00 DEBUG 68122 --- [           main] o.s.b.f.s.DefaultListableBeanFactory     : Creating shared instance of singleton bean 'jpa.named-queries#2'
2024-08-02T08:55:23.816+03:00 DEBUG 68122 --- [           main] o.s.b.f.s.DefaultListableBeanFactory     : Creating shared instance of singleton bean 'jpa.JobRepository.fragments#0'
2024-08-02T08:55:23.818+03:00 DEBUG 68122 --- [           main] tor$SharedEntityManagerInvocationHandler : Creating new EntityManager for shared EntityManager invocation
2024-08-02T08:55:23.818+03:00 DEBUG 68122 --- [           main] o.s.d.r.c.s.RepositoryFactorySupport     : Initializing repository instance for com.grad.handywork.repo.JobRepository…
2024-08-02T08:55:23.819+03:00 DEBUG 68122 --- [           main] tor$SharedEntityManagerInvocationHandler : Creating new EntityManager for shared EntityManager invocation
2024-08-02T08:55:23.847+03:00 DEBUG 68122 --- [           main] o.s.d.jpa.repository.query.NamedQuery    : Looking up named query Job.findByFieldIsLikeIgnoreCaseAndDoneAndOwnerUsernameNot
2024-08-02T08:55:23.848+03:00 DEBUG 68122 --- [           main] o.s.d.jpa.repository.query.NamedQuery    : Did not find named query Job.findByFieldIsLikeIgnoreCaseAndDoneAndOwnerUsernameNot
2024-08-02T08:55:23.848+03:00 DEBUG 68122 --- [           main] tor$SharedEntityManagerInvocationHandler : Creating new EntityManager for shared EntityManager invocation
2024-08-02T08:55:23.850+03:00 DEBUG 68122 --- [           main] o.s.d.jpa.repository.query.NamedQuery    : Looking up named query Job.findByFieldIsLikeIgnoreCaseAndCityAndDoneAndOwnerUsernameNot
2024-08-02T08:55:23.851+03:00 DEBUG 68122 --- [           main] o.s.d.jpa.repository.query.NamedQuery    : Did not find named query Job.findByFieldIsLikeIgnoreCaseAndCityAndDoneAndOwnerUsernameNot
2024-08-02T08:55:23.851+03:00 DEBUG 68122 --- [           main] tor$SharedEntityManagerInvocationHandler : Creating new EntityManager for shared EntityManager invocation
2024-08-02T08:55:23.857+03:00  INFO 68122 --- [           main] o.s.d.j.r.query.QueryEnhancerFactory     : Hibernate is in classpath; If applicable, HQL parser will be used.
2024-08-02T08:55:23.990+03:00 DEBUG 68122 --- [           main] o.s.d.jpa.repository.query.NamedQuery    : Did not find named query Job.findAllFields.count
2024-08-02T08:55:23.991+03:00 DEBUG 68122 --- [           main] tor$SharedEntityManagerInvocationHandler : Creating new EntityManager for shared EntityManager invocation
2024-08-02T08:55:24.121+03:00 DEBUG 68122 --- [           main] o.s.d.jpa.repository.query.NamedQuery    : Looking up named query Job.findByCityAndDoneAndOwnerUsernameNot
2024-08-02T08:55:24.122+03:00 DEBUG 68122 --- [           main] o.s.d.jpa.repository.query.NamedQuery    : Did not find named query Job.findByCityAndDoneAndOwnerUsernameNot
2024-08-02T08:55:24.122+03:00 DEBUG 68122 --- [           main] tor$SharedEntityManagerInvocationHandler : Creating new EntityManager for shared EntityManager invocation
2024-08-02T08:55:24.123+03:00 DEBUG 68122 --- [           main] o.s.d.jpa.repository.query.NamedQuery    : Looking up named query Job.findAllByOwnerId
2024-08-02T08:55:24.123+03:00 DEBUG 68122 --- [           main] o.s.d.jpa.repository.query.NamedQuery    : Did not find named query Job.findAllByOwnerId
2024-08-02T08:55:24.123+03:00 DEBUG 68122 --- [           main] tor$SharedEntityManagerInvocationHandler : Creating new EntityManager for shared EntityManager invocation
2024-08-02T08:55:24.124+03:00 DEBUG 68122 --- [           main] o.s.d.jpa.repository.query.NamedQuery    : Looking up named query Job.findAllByDoneAndOwnerUsernameNot
2024-08-02T08:55:24.124+03:00 DEBUG 68122 --- [           main] o.s.d.jpa.repository.query.NamedQuery    : Did not find named query Job.findAllByDoneAndOwnerUsernameNot
2024-08-02T08:55:24.124+03:00 DEBUG 68122 --- [           main] tor$SharedEntityManagerInvocationHandler : Creating new EntityManager for shared EntityManager invocation
2024-08-02T08:55:24.127+03:00 DEBUG 68122 --- [           main] o.s.d.r.c.s.RepositoryFactorySupport     : Finished creation of repository instance for com.grad.handywork.repo.JobRepository.
2024-08-02T08:55:24.131+03:00 DEBUG 68122 --- [           main] o.s.b.f.s.DefaultListableBeanFactory     : Creating shared instance of singleton bean 'jobOfferRepository'
2024-08-02T08:55:24.132+03:00 DEBUG 68122 --- [           main] o.s.b.f.s.DefaultListableBeanFactory     : Creating shared instance of singleton bean 'jpa.named-queries#0'
2024-08-02T08:55:24.133+03:00 DEBUG 68122 --- [           main] o.s.b.f.s.DefaultListableBeanFactory     : Creating shared instance of singleton bean 'jpa.JobOfferRepository.fragments#0'
2024-08-02T08:55:24.135+03:00 DEBUG 68122 --- [           main] tor$SharedEntityManagerInvocationHandler : Creating new EntityManager for shared EntityManager invocation
2024-08-02T08:55:24.135+03:00 DEBUG 68122 --- [           main] o.s.d.r.c.s.RepositoryFactorySupport     : Initializing repository instance for com.grad.handywork.repo.JobOfferRepository…
2024-08-02T08:55:24.136+03:00 DEBUG 68122 --- [           main] tor$SharedEntityManagerInvocationHandler : Creating new EntityManager for shared EntityManager invocation
2024-08-02T08:55:24.145+03:00 DEBUG 68122 --- [           main] o.s.d.jpa.repository.query.NamedQuery    : Looking up named query JobOffer.deleteAllByJobAndAcceptedNot
2024-08-02T08:55:24.145+03:00 DEBUG 68122 --- [           main] o.s.d.jpa.repository.query.NamedQuery    : Did not find named query JobOffer.deleteAllByJobAndAcceptedNot
2024-08-02T08:55:24.145+03:00 DEBUG 68122 --- [           main] tor$SharedEntityManagerInvocationHandler : Creating new EntityManager for shared EntityManager invocation
2024-08-02T08:55:24.149+03:00 DEBUG 68122 --- [           main] o.s.d.r.c.s.RepositoryFactorySupport     : Finished creation of repository instance for com.grad.handywork.repo.JobOfferRepository.
2024-08-02T08:55:24.151+03:00 DEBUG 68122 --- [           main] o.s.b.f.s.DefaultListableBeanFactory     : Creating shared instance of singleton bean 'jobReviewRepository'
2024-08-02T08:55:24.152+03:00 DEBUG 68122 --- [           main] o.s.b.f.s.DefaultListableBeanFactory     : Creating shared instance of singleton bean 'jpa.named-queries#1'
2024-08-02T08:55:24.153+03:00 DEBUG 68122 --- [           main] o.s.b.f.s.DefaultListableBeanFactory     : Creating shared instance of singleton bean 'jpa.JobReviewRepository.fragments#0'
2024-08-02T08:55:24.155+03:00 DEBUG 68122 --- [           main] tor$SharedEntityManagerInvocationHandler : Creating new EntityManager for shared EntityManager invocation
2024-08-02T08:55:24.155+03:00 DEBUG 68122 --- [           main] o.s.d.r.c.s.RepositoryFactorySupport     : Initializing repository instance for com.grad.handywork.repo.JobReviewRepository…
2024-08-02T08:55:24.156+03:00 DEBUG 68122 --- [           main] tor$SharedEntityManagerInvocationHandler : Creating new EntityManager for shared EntityManager invocation
2024-08-02T08:55:24.170+03:00 DEBUG 68122 --- [           main] o.s.d.jpa.repository.query.NamedQuery    : Looking up named query JobReview.existsByJobIdAndType
2024-08-02T08:55:24.170+03:00 DEBUG 68122 --- [           main] o.s.d.jpa.repository.query.NamedQuery    : Did not find named query JobReview.existsByJobIdAndType
2024-08-02T08:55:24.170+03:00 DEBUG 68122 --- [           main] tor$SharedEntityManagerInvocationHandler : Creating new EntityManager for shared EntityManager invocation
2024-08-02T08:55:24.175+03:00 DEBUG 68122 --- [           main] o.s.d.r.c.s.RepositoryFactorySupport     : Finished creation of repository instance for com.grad.handywork.repo.JobReviewRepository.
2024-08-02T08:55:24.201+03:00 DEBUG 68122 --- [           main] o.s.b.f.s.DefaultListableBeanFactory     : Creating shared instance of singleton bean 'offerController'
2024-08-02T08:55:24.201+03:00 DEBUG 68122 --- [           main] o.s.b.f.s.DefaultListableBeanFactory     : Creating shared instance of singleton bean 'offerService'
2024-08-02T08:55:24.209+03:00 DEBUG 68122 --- [           main] o.s.b.f.s.DefaultListableBeanFactory     : Creating shared instance of singleton bean 'reviewController'
2024-08-02T08:55:24.209+03:00 DEBUG 68122 --- [           main] o.s.b.f.s.DefaultListableBeanFactory     : Creating shared instance of singleton bean 'reviewService'
2024-08-02T08:55:24.216+03:00 DEBUG 68122 --- [           main] o.s.b.f.s.DefaultListableBeanFactory     : Creating shared instance of singleton bean 'userController'
2024-08-02T08:55:24.217+03:00 DEBUG 68122 --- [           main] o.s.b.f.s.DefaultListableBeanFactory     : Creating shared instance of singleton bean 'userService'
2024-08-02T08:55:24.218+03:00 DEBUG 68122 --- [           main] o.s.b.f.s.DefaultListableBeanFactory     : Creating shared instance of singleton bean 'userMapperImpl'
2024-08-02T08:55:24.233+03:00 DEBUG 68122 --- [           main] o.s.b.f.s.DefaultListableBeanFactory     : Creating shared instance of singleton bean 'responseExceptionHandler'
2024-08-02T08:55:24.239+03:00 DEBUG 68122 --- [           main] o.s.b.f.s.DefaultListableBeanFactory     : Creating shared instance of singleton bean 'cloudinaryService'
2024-08-02T08:55:24.240+03:00 DEBUG 68122 --- [           main] o.s.b.f.s.DefaultListableBeanFactory     : Creating shared instance of singleton bean 'cloudinaryUtil'
2024-08-02T08:55:24.240+03:00 DEBUG 68122 --- [           main] o.s.b.f.s.DefaultListableBeanFactory     : Creating shared instance of singleton bean 'cloudinary'
2024-08-02T08:55:24.251+03:00 DEBUG 68122 --- [           main] ySourcesPropertyResolver$DefaultResolver : Found key 'DEFAULT_JOB_P_URL' in PropertySource 'Config resource 'class path resource [application.properties]' via location 'optional:classpath:/'' with value of type String
2024-08-02T08:55:24.251+03:00 DEBUG 68122 --- [           main] o.s.c.e.PropertySourcesPropertyResolver  : Found key 'DEFAULT_JOB_P_URL' in PropertySource 'environmentProperties' with value of type String
2024-08-02T08:55:24.252+03:00 DEBUG 68122 --- [           main] o.s.b.f.s.DefaultListableBeanFactory     : Creating shared instance of singleton bean 'userAspect'
2024-08-02T08:55:24.253+03:00 DEBUG 68122 --- [           main] o.s.b.f.s.DefaultListableBeanFactory     : Creating shared instance of singleton bean 'UserPreprocessAspect'
2024-08-02T08:55:24.254+03:00 DEBUG 68122 --- [           main] o.s.b.f.s.DefaultListableBeanFactory     : Creating shared instance of singleton bean 'JobAspect'
2024-08-02T08:55:24.255+03:00 DEBUG 68122 --- [           main] o.s.b.f.s.DefaultListableBeanFactory     : Creating shared instance of singleton bean 'jobOfferPreprocessAspect'
2024-08-02T08:55:24.255+03:00 DEBUG 68122 --- [           main] o.s.b.f.s.DefaultListableBeanFactory     : Creating shared instance of singleton bean 'jobReviewPreprocessAspect'
2024-08-02T08:55:24.256+03:00 DEBUG 68122 --- [           main] o.s.b.f.s.DefaultListableBeanFactory     : Creating shared instance of singleton bean 'org.springframework.security.config.annotation.web.configuration.WebSecurityConfiguration'
2024-08-02T08:55:24.257+03:00 DEBUG 68122 --- [           main] o.s.b.f.s.DefaultListableBeanFactory     : Creating shared instance of singleton bean 'org.springframework.security.config.annotation.web.configuration.HttpSecurityConfiguration'
2024-08-02T08:55:24.260+03:00 DEBUG 68122 --- [           main] o.s.b.f.s.DefaultListableBeanFactory     : Creating shared instance of singleton bean 'mvcContentNegotiationManager'
2024-08-02T08:55:24.260+03:00 DEBUG 68122 --- [           main] o.s.b.f.s.DefaultListableBeanFactory     : Creating shared instance of singleton bean 'org.springframework.boot.autoconfigure.web.servlet.WebMvcAutoConfiguration$EnableWebMvcConfiguration'
2024-08-02T08:55:24.261+03:00 DEBUG 68122 --- [           main] o.s.b.f.s.DefaultListableBeanFactory     : Creating shared instance of singleton bean 'spring.mvc-org.springframework.boot.autoconfigure.web.servlet.WebMvcProperties'
2024-08-02T08:55:24.266+03:00 DEBUG 68122 --- [           main] o.s.b.f.s.DefaultListableBeanFactory     : Creating shared instance of singleton bean 'spring.web-org.springframework.boot.autoconfigure.web.WebProperties'
2024-08-02T08:55:24.268+03:00 DEBUG 68122 --- [           main] o.s.b.f.s.DefaultListableBeanFactory     : Autowiring by type from bean name 'org.springframework.boot.autoconfigure.web.servlet.WebMvcAutoConfiguration$EnableWebMvcConfiguration' via constructor to bean named 'spring.mvc-org.springframework.boot.autoconfigure.web.servlet.WebMvcProperties'
2024-08-02T08:55:24.268+03:00 DEBUG 68122 --- [           main] o.s.b.f.s.DefaultListableBeanFactory     : Autowiring by type from bean name 'org.springframework.boot.autoconfigure.web.servlet.WebMvcAutoConfiguration$EnableWebMvcConfiguration' via constructor to bean named 'spring.web-org.springframework.boot.autoconfigure.web.WebProperties'
2024-08-02T08:55:24.268+03:00 DEBUG 68122 --- [           main] o.s.b.f.s.DefaultListableBeanFactory     : Autowiring by type from bean name 'org.springframework.boot.autoconfigure.web.servlet.WebMvcAutoConfiguration$EnableWebMvcConfiguration' via constructor to bean named 'org.springframework.beans.factory.support.DefaultListableBeanFactory@777c9dc9'
2024-08-02T08:55:24.272+03:00 DEBUG 68122 --- [           main] o.s.b.f.s.DefaultListableBeanFactory     : Creating shared instance of singleton bean 'org.springframework.security.config.annotation.web.configuration.WebMvcSecurityConfiguration'
2024-08-02T08:55:24.272+03:00 DEBUG 68122 --- [           main] o.s.b.f.s.DefaultListableBeanFactory     : Creating shared instance of singleton bean 'org.springframework.boot.autoconfigure.web.servlet.WebMvcAutoConfiguration$WebMvcAutoConfigurationAdapter'
2024-08-02T08:55:24.273+03:00 DEBUG 68122 --- [           main] o.s.b.f.s.DefaultListableBeanFactory     : Autowiring by type from bean name 'org.springframework.boot.autoconfigure.web.servlet.WebMvcAutoConfiguration$WebMvcAutoConfigurationAdapter' via constructor to bean named 'spring.web-org.springframework.boot.autoconfigure.web.WebProperties'
2024-08-02T08:55:24.273+03:00 DEBUG 68122 --- [           main] o.s.b.f.s.DefaultListableBeanFactory     : Autowiring by type from bean name 'org.springframework.boot.autoconfigure.web.servlet.WebMvcAutoConfiguration$WebMvcAutoConfigurationAdapter' via constructor to bean named 'spring.mvc-org.springframework.boot.autoconfigure.web.servlet.WebMvcProperties'
2024-08-02T08:55:24.273+03:00 DEBUG 68122 --- [           main] o.s.b.f.s.DefaultListableBeanFactory     : Autowiring by type from bean name 'org.springframework.boot.autoconfigure.web.servlet.WebMvcAutoConfiguration$WebMvcAutoConfigurationAdapter' via constructor to bean named 'org.springframework.beans.factory.support.DefaultListableBeanFactory@777c9dc9'
2024-08-02T08:55:24.276+03:00 DEBUG 68122 --- [           main] o.s.b.f.s.DefaultListableBeanFactory     : Creating shared instance of singleton bean 'openEntityManagerInViewInterceptorConfigurer'
2024-08-02T08:55:24.276+03:00 DEBUG 68122 --- [           main] o.s.b.f.s.DefaultListableBeanFactory     : Creating shared instance of singleton bean 'org.springframework.boot.autoconfigure.orm.jpa.JpaBaseConfiguration$JpaWebConfiguration'
2024-08-02T08:55:24.276+03:00 DEBUG 68122 --- [           main] o.s.b.f.s.DefaultListableBeanFactory     : Autowiring by type from bean name 'org.springframework.boot.autoconfigure.orm.jpa.JpaBaseConfiguration$JpaWebConfiguration' via constructor to bean named 'spring.jpa-org.springframework.boot.autoconfigure.orm.jpa.JpaProperties'
2024-08-02T08:55:24.277+03:00 DEBUG 68122 --- [           main] o.s.b.f.s.DefaultListableBeanFactory     : Creating shared instance of singleton bean 'openEntityManagerInViewInterceptor'
2024-08-02T08:55:24.278+03:00  WARN 68122 --- [           main] JpaBaseConfiguration$JpaWebConfiguration : spring.jpa.open-in-view is enabled by default. Therefore, database queries may be performed during view rendering. Explicitly configure spring.jpa.open-in-view to disable this warning
2024-08-02T08:55:24.280+03:00 DEBUG 68122 --- [           main] o.s.b.f.s.DefaultListableBeanFactory     : Autowiring by type from bean name 'openEntityManagerInViewInterceptorConfigurer' via factory method to bean named 'openEntityManagerInViewInterceptor'
2024-08-02T08:55:24.281+03:00 DEBUG 68122 --- [           main] o.s.b.f.s.DefaultListableBeanFactory     : Creating shared instance of singleton bean 'org.springframework.data.web.config.SpringDataWebConfiguration'
2024-08-02T08:55:24.282+03:00 DEBUG 68122 --- [           main] o.s.b.f.s.DefaultListableBeanFactory     : Autowiring by type from bean name 'org.springframework.data.web.config.SpringDataWebConfiguration' via constructor to bean named 'org.springframework.web.context.support.GenericWebApplicationContext@ca27722'
2024-08-02T08:55:24.322+03:00 DEBUG 68122 --- [           main] o.s.b.f.s.DefaultListableBeanFactory     : Creating shared instance of singleton bean 'mvcHandlerMappingIntrospectorRequestTransformer'
2024-08-02T08:55:24.322+03:00 DEBUG 68122 --- [           main] o.s.b.f.s.DefaultListableBeanFactory     : Creating shared instance of singleton bean 'mvcHandlerMappingIntrospector'
2024-08-02T08:55:24.324+03:00 DEBUG 68122 --- [           main] o.s.b.f.s.DefaultListableBeanFactory     : Creating shared instance of singleton bean 'welcomePageHandlerMapping'
2024-08-02T08:55:24.324+03:00 DEBUG 68122 --- [           main] o.s.b.f.s.DefaultListableBeanFactory     : Creating shared instance of singleton bean 'mvcConversionService'
2024-08-02T08:55:24.330+03:00 DEBUG 68122 --- [           main] o.s.b.f.s.DefaultListableBeanFactory     : Creating shared instance of singleton bean 'mvcResourceUrlProvider'
2024-08-02T08:55:24.332+03:00 DEBUG 68122 --- [           main] o.s.b.f.s.DefaultListableBeanFactory     : Autowiring by type from bean name 'welcomePageHandlerMapping' via factory method to bean named 'org.springframework.web.context.support.GenericWebApplicationContext@ca27722'
2024-08-02T08:55:24.332+03:00 DEBUG 68122 --- [           main] o.s.b.f.s.DefaultListableBeanFactory     : Autowiring by type from bean name 'welcomePageHandlerMapping' via factory method to bean named 'mvcConversionService'
2024-08-02T08:55:24.333+03:00 DEBUG 68122 --- [           main] o.s.b.f.s.DefaultListableBeanFactory     : Autowiring by type from bean name 'welcomePageHandlerMapping' via factory method to bean named 'mvcResourceUrlProvider'
2024-08-02T08:55:24.343+03:00 DEBUG 68122 --- [           main] o.s.b.f.s.DefaultListableBeanFactory     : Creating shared instance of singleton bean 'welcomePageNotAcceptableHandlerMapping'
2024-08-02T08:55:24.343+03:00 DEBUG 68122 --- [           main] o.s.b.f.s.DefaultListableBeanFactory     : Autowiring by type from bean name 'welcomePageNotAcceptableHandlerMapping' via factory method to bean named 'org.springframework.web.context.support.GenericWebApplicationContext@ca27722'
2024-08-02T08:55:24.343+03:00 DEBUG 68122 --- [           main] o.s.b.f.s.DefaultListableBeanFactory     : Autowiring by type from bean name 'welcomePageNotAcceptableHandlerMapping' via factory method to bean named 'mvcConversionService'
2024-08-02T08:55:24.343+03:00 DEBUG 68122 --- [           main] o.s.b.f.s.DefaultListableBeanFactory     : Autowiring by type from bean name 'welcomePageNotAcceptableHandlerMapping' via factory method to bean named 'mvcResourceUrlProvider'
2024-08-02T08:55:24.347+03:00 DEBUG 68122 --- [           main] o.s.b.f.s.DefaultListableBeanFactory     : Creating shared instance of singleton bean 'requestMappingHandlerMapping'
2024-08-02T08:55:24.348+03:00 DEBUG 68122 --- [           main] o.s.b.f.s.DefaultListableBeanFactory     : Autowiring by type from bean name 'requestMappingHandlerMapping' via factory method to bean named 'mvcContentNegotiationManager'
2024-08-02T08:55:24.348+03:00 DEBUG 68122 --- [           main] o.s.b.f.s.DefaultListableBeanFactory     : Autowiring by type from bean name 'requestMappingHandlerMapping' via factory method to bean named 'mvcConversionService'
2024-08-02T08:55:24.348+03:00 DEBUG 68122 --- [           main] o.s.b.f.s.DefaultListableBeanFactory     : Autowiring by type from bean name 'requestMappingHandlerMapping' via factory method to bean named 'mvcResourceUrlProvider'
2024-08-02T08:55:24.378+03:00 DEBUG 68122 --- [           main] s.w.s.m.m.a.RequestMappingHandlerMapping : 28 mappings in 'requestMappingHandlerMapping'
2024-08-02T08:55:24.380+03:00 DEBUG 68122 --- [           main] o.s.b.f.s.DefaultListableBeanFactory     : Creating shared instance of singleton bean 'viewControllerHandlerMapping'
2024-08-02T08:55:24.380+03:00 DEBUG 68122 --- [           main] o.s.b.f.s.DefaultListableBeanFactory     : Autowiring by type from bean name 'viewControllerHandlerMapping' via factory method to bean named 'mvcConversionService'
2024-08-02T08:55:24.380+03:00 DEBUG 68122 --- [           main] o.s.b.f.s.DefaultListableBeanFactory     : Autowiring by type from bean name 'viewControllerHandlerMapping' via factory method to bean named 'mvcResourceUrlProvider'
2024-08-02T08:55:24.381+03:00 DEBUG 68122 --- [           main] o.s.b.f.s.DefaultListableBeanFactory     : Creating shared instance of singleton bean 'beanNameHandlerMapping'
2024-08-02T08:55:24.382+03:00 DEBUG 68122 --- [           main] o.s.b.f.s.DefaultListableBeanFactory     : Autowiring by type from bean name 'beanNameHandlerMapping' via factory method to bean named 'mvcConversionService'
2024-08-02T08:55:24.382+03:00 DEBUG 68122 --- [           main] o.s.b.f.s.DefaultListableBeanFactory     : Autowiring by type from bean name 'beanNameHandlerMapping' via factory method to bean named 'mvcResourceUrlProvider'
2024-08-02T08:55:24.385+03:00 DEBUG 68122 --- [           main] o.s.b.f.s.DefaultListableBeanFactory     : Creating shared instance of singleton bean 'routerFunctionMapping'
2024-08-02T08:55:24.386+03:00 DEBUG 68122 --- [           main] o.s.b.f.s.DefaultListableBeanFactory     : Autowiring by type from bean name 'routerFunctionMapping' via factory method to bean named 'mvcConversionService'
2024-08-02T08:55:24.386+03:00 DEBUG 68122 --- [           main] o.s.b.f.s.DefaultListableBeanFactory     : Autowiring by type from bean name 'routerFunctionMapping' via factory method to bean named 'mvcResourceUrlProvider'
2024-08-02T08:55:24.387+03:00 DEBUG 68122 --- [           main] o.s.b.f.s.DefaultListableBeanFactory     : Creating shared instance of singleton bean 'messageConverters'
2024-08-02T08:55:24.387+03:00 DEBUG 68122 --- [           main] o.s.b.f.s.DefaultListableBeanFactory     : Creating shared instance of singleton bean 'org.springframework.boot.autoconfigure.http.HttpMessageConvertersAutoConfiguration'
2024-08-02T08:55:24.390+03:00 DEBUG 68122 --- [           main] o.s.b.f.s.DefaultListableBeanFactory     : Creating shared instance of singleton bean 'stringHttpMessageConverter'
2024-08-02T08:55:24.390+03:00 DEBUG 68122 --- [           main] o.s.b.f.s.DefaultListableBeanFactory     : Creating shared instance of singleton bean 'org.springframework.boot.autoconfigure.http.HttpMessageConvertersAutoConfiguration$StringHttpMessageConverterConfiguration'
2024-08-02T08:55:24.391+03:00 DEBUG 68122 --- [           main] o.s.b.f.s.DefaultListableBeanFactory     : Autowiring by type from bean name 'stringHttpMessageConverter' via factory method to bean named 'environment'
2024-08-02T08:55:24.395+03:00 DEBUG 68122 --- [           main] o.s.b.f.s.DefaultListableBeanFactory     : Creating shared instance of singleton bean 'mappingJackson2HttpMessageConverter'
2024-08-02T08:55:24.396+03:00 DEBUG 68122 --- [           main] o.s.b.f.s.DefaultListableBeanFactory     : Creating shared instance of singleton bean 'org.springframework.boot.autoconfigure.http.JacksonHttpMessageConvertersConfiguration$MappingJackson2HttpMessageConverterConfiguration'
2024-08-02T08:55:24.397+03:00 DEBUG 68122 --- [           main] o.s.b.f.s.DefaultListableBeanFactory     : Creating shared instance of singleton bean 'jacksonObjectMapper'
2024-08-02T08:55:24.397+03:00 DEBUG 68122 --- [           main] o.s.b.f.s.DefaultListableBeanFactory     : Creating shared instance of singleton bean 'org.springframework.boot.autoconfigure.jackson.JacksonAutoConfiguration$JacksonObjectMapperConfiguration'
2024-08-02T08:55:24.398+03:00 DEBUG 68122 --- [           main] o.s.b.f.s.DefaultListableBeanFactory     : Creating shared instance of singleton bean 'org.springframework.boot.autoconfigure.jackson.JacksonAutoConfiguration$JacksonObjectMapperBuilderConfiguration'
2024-08-02T08:55:24.399+03:00 DEBUG 68122 --- [           main] o.s.b.f.s.DefaultListableBeanFactory     : Creating shared instance of singleton bean 'standardJacksonObjectMapperBuilderCustomizer'
2024-08-02T08:55:24.399+03:00 DEBUG 68122 --- [           main] o.s.b.f.s.DefaultListableBeanFactory     : Creating shared instance of singleton bean 'org.springframework.boot.autoconfigure.jackson.JacksonAutoConfiguration$Jackson2ObjectMapperBuilderCustomizerConfiguration'
2024-08-02T08:55:24.400+03:00 DEBUG 68122 --- [           main] o.s.b.f.s.DefaultListableBeanFactory     : Creating shared instance of singleton bean 'spring.jackson-org.springframework.boot.autoconfigure.jackson.JacksonProperties'
2024-08-02T08:55:24.415+03:00 DEBUG 68122 --- [           main] o.s.b.f.s.DefaultListableBeanFactory     : Autowiring by type from bean name 'standardJacksonObjectMapperBuilderCustomizer' via factory method to bean named 'spring.jackson-org.springframework.boot.autoconfigure.jackson.JacksonProperties'
2024-08-02T08:55:24.416+03:00 DEBUG 68122 --- [           main] o.s.b.f.s.DefaultListableBeanFactory     : Creating shared instance of singleton bean 'parameterNamesModule'
2024-08-02T08:55:24.416+03:00 DEBUG 68122 --- [           main] o.s.b.f.s.DefaultListableBeanFactory     : Creating shared instance of singleton bean 'org.springframework.boot.autoconfigure.jackson.JacksonAutoConfiguration$ParameterNamesModuleConfiguration'
2024-08-02T08:55:24.419+03:00 DEBUG 68122 --- [           main] o.s.b.f.s.DefaultListableBeanFactory     : Creating shared instance of singleton bean 'jsonMixinModule'
2024-08-02T08:55:24.419+03:00 DEBUG 68122 --- [           main] o.s.b.f.s.DefaultListableBeanFactory     : Creating shared instance of singleton bean 'org.springframework.boot.autoconfigure.jackson.JacksonAutoConfiguration$JacksonMixinConfiguration'
2024-08-02T08:55:24.420+03:00 DEBUG 68122 --- [           main] o.s.b.f.s.DefaultListableBeanFactory     : Creating shared instance of singleton bean 'jsonMixinModuleEntries'
2024-08-02T08:55:24.420+03:00 DEBUG 68122 --- [           main] o.s.b.f.s.DefaultListableBeanFactory     : Autowiring by type from bean name 'jsonMixinModuleEntries' via factory method to bean named 'org.springframework.web.context.support.GenericWebApplicationContext@ca27722'
2024-08-02T08:55:24.425+03:00 DEBUG 68122 --- [           main] o.s.b.f.s.DefaultListableBeanFactory     : Autowiring by type from bean name 'jsonMixinModule' via factory method to bean named 'org.springframework.web.context.support.GenericWebApplicationContext@ca27722'
2024-08-02T08:55:24.425+03:00 DEBUG 68122 --- [           main] o.s.b.f.s.DefaultListableBeanFactory     : Autowiring by type from bean name 'jsonMixinModule' via factory method to bean named 'jsonMixinModuleEntries'
2024-08-02T08:55:24.426+03:00 DEBUG 68122 --- [           main] o.s.b.f.s.DefaultListableBeanFactory     : Creating shared instance of singleton bean 'jsonComponentModule'
2024-08-02T08:55:24.426+03:00 DEBUG 68122 --- [           main] o.s.b.f.s.DefaultListableBeanFactory     : Creating shared instance of singleton bean 'org.springframework.boot.autoconfigure.jackson.JacksonAutoConfiguration'
2024-08-02T08:55:24.429+03:00 DEBUG 68122 --- [           main] o.s.b.f.s.DefaultListableBeanFactory     : Creating shared instance of singleton bean 'jacksonGeoModule'
2024-08-02T08:55:24.429+03:00 DEBUG 68122 --- [           main] o.s.b.f.s.DefaultListableBeanFactory     : Creating shared instance of singleton bean 'org.springframework.data.web.config.SpringDataJacksonConfiguration'
2024-08-02T08:55:24.432+03:00 DEBUG 68122 --- [           main] o.s.b.f.s.DefaultListableBeanFactory     : Autowiring by type from bean name 'jacksonObjectMapperBuilder' via factory method to bean named 'org.springframework.web.context.support.GenericWebApplicationContext@ca27722'
2024-08-02T08:55:24.432+03:00 DEBUG 68122 --- [           main] o.s.b.f.s.DefaultListableBeanFactory     : Autowiring by type from bean name 'jacksonObjectMapperBuilder' via factory method to bean named 'standardJacksonObjectMapperBuilderCustomizer'
2024-08-02T08:55:24.433+03:00 DEBUG 68122 --- [           main] o.s.b.f.s.DefaultListableBeanFactory     : Autowiring by type from bean name 'jacksonObjectMapper' via factory method to bean named 'jacksonObjectMapperBuilder'
2024-08-02T08:55:24.445+03:00 DEBUG 68122 --- [           main] o.s.b.f.s.DefaultListableBeanFactory     : Autowiring by type from bean name 'mappingJackson2HttpMessageConverter' via factory method to bean named 'jacksonObjectMapper'
2024-08-02T08:55:24.471+03:00 DEBUG 68122 --- [           main] o.s.b.f.s.DefaultListableBeanFactory     : Creating shared instance of singleton bean 'resourceHandlerMapping'
2024-08-02T08:55:24.471+03:00 DEBUG 68122 --- [           main] o.s.b.f.s.DefaultListableBeanFactory     : Autowiring by type from bean name 'resourceHandlerMapping' via factory method to bean named 'mvcContentNegotiationManager'
2024-08-02T08:55:24.471+03:00 DEBUG 68122 --- [           main] o.s.b.f.s.DefaultListableBeanFactory     : Autowiring by type from bean name 'resourceHandlerMapping' via factory method to bean named 'mvcConversionService'
2024-08-02T08:55:24.471+03:00 DEBUG 68122 --- [           main] o.s.b.f.s.DefaultListableBeanFactory     : Autowiring by type from bean name 'resourceHandlerMapping' via factory method to bean named 'mvcResourceUrlProvider'
2024-08-02T08:55:24.478+03:00 DEBUG 68122 --- [           main] o.s.w.s.handler.SimpleUrlHandlerMapping  : Patterns [/webjars/**, /**] in 'resourceHandlerMapping'
2024-08-02T08:55:24.479+03:00 DEBUG 68122 --- [           main] o.s.b.f.s.DefaultListableBeanFactory     : Creating shared instance of singleton bean 'defaultServletHandlerMapping'
2024-08-02T08:55:24.485+03:00 DEBUG 68122 --- [           main] o.s.b.f.s.DefaultListableBeanFactory     : Creating shared instance of singleton bean 'securityFilterChain'
2024-08-02T08:55:24.485+03:00 DEBUG 68122 --- [           main] o.s.b.f.s.DefaultListableBeanFactory     : Autowiring by type from bean name 'securityFilterChain' via factory method to bean named 'org.springframework.security.config.annotation.web.configuration.HttpSecurityConfiguration.httpSecurity'
2024-08-02T08:55:24.505+03:00  INFO 68122 --- [           main] o.s.s.web.DefaultSecurityFilterChain     : Will secure any request with [org.springframework.security.web.session.DisableEncodeUrlFilter@346e76ad, org.springframework.security.web.context.request.async.WebAsyncManagerIntegrationFilter@47bcd95a, org.springframework.security.web.context.SecurityContextHolderFilter@2cf6dd4d, org.springframework.security.web.header.HeaderWriterFilter@58e46572, org.springframework.security.web.authentication.logout.LogoutFilter@2823bd30, com.grad.handywork.config.JwtAuthFilter@590f806a, org.springframework.security.web.savedrequest.RequestCacheAwareFilter@2801ccb3, org.springframework.security.web.servletapi.SecurityContextHolderAwareRequestFilter@4b024fb2, org.springframework.security.web.authentication.AnonymousAuthenticationFilter@3fae1ec9, org.springframework.security.web.session.SessionManagementFilter@7e34e466, org.springframework.security.web.access.ExceptionTranslationFilter@8ba7408, org.springframework.security.web.access.intercept.AuthorizationFilter@5d04adc1]
2024-08-02T08:55:24.507+03:00 DEBUG 68122 --- [           main] o.s.b.f.s.DefaultListableBeanFactory     : Creating shared instance of singleton bean 'delegatingApplicationListener'
2024-08-02T08:55:24.508+03:00 DEBUG 68122 --- [           main] o.s.b.f.s.DefaultListableBeanFactory     : Creating shared instance of singleton bean 'springSecurityFilterChain'
[...]

   RSocketMessagingAutoConfiguration:
      Did not match:
         - @ConditionalOnClass did not find required class 'io.rsocket.RSocket' (OnClassCondition)

   RSocketRequesterAutoConfiguration:
      Did not match:
         - @ConditionalOnClass did not find required class 'io.rsocket.RSocket' (OnClassCondition)

   RSocketSecurityAutoConfiguration:
      Did not match:
         - @ConditionalOnClass did not find required class 'org.springframework.security.rsocket.core.SecuritySocketAcceptorInterceptor' (OnClassCondition)

   RSocketServerAutoConfiguration:
      Did not match:
         - @ConditionalOnClass did not find required class 'io.rsocket.core.RSocketServer' (OnClassCondition)

   RSocketStrategiesAutoConfiguration:
      Did not match:
         - @ConditionalOnClass did not find required class 'io.netty.buffer.PooledByteBufAllocator' (OnClassCondition)

   RabbitAutoConfiguration:
      Did not match:
         - @ConditionalOnClass did not find required class 'com.rabbitmq.client.Channel' (OnClassCondition)

   ReactiveElasticsearchClientAutoConfiguration:
      Did not match:
         - @ConditionalOnClass did not find required class 'co.elastic.clients.transport.ElasticsearchTransport' (OnClassCondition)

   ReactiveElasticsearchRepositoriesAutoConfiguration:
      Did not match:
         - @ConditionalOnClass did not find required class 'org.springframework.data.elasticsearch.client.elc.ReactiveElasticsearchClient' (OnClassCondition)

   ReactiveMultipartAutoConfiguration:
      Did not match:
         - @ConditionalOnClass did not find required class 'org.springframework.web.reactive.config.WebFluxConfigurer' (OnClassCondition)

   ReactiveOAuth2ClientAutoConfiguration:
      Did not match:
         - @ConditionalOnClass did not find required class 'reactor.core.publisher.Flux' (OnClassCondition)

   ReactiveOAuth2ResourceServerAutoConfiguration:
      Did not match:
         - @ConditionalOnWebApplication did not find reactive web application classes (OnWebApplicationCondition)

   ReactiveSecurityAutoConfiguration:
      Did not match:
         - @ConditionalOnClass did not find required class 'reactor.core.publisher.Flux' (OnClassCondition)

   ReactiveUserDetailsServiceAutoConfiguration:
      Did not match:
         - AnyNestedCondition 0 matched 2 did not; NestedCondition on ReactiveUserDetailsServiceAutoConfiguration.ReactiveUserDetailsServiceCondition.ReactiveWebApplicationCondition did not find reactive web application classes; NestedCondition on ReactiveUserDetailsServiceAutoConfiguration.ReactiveUserDetailsServiceCondition.RSocketSecurityEnabledCondition @ConditionalOnBean (types: org.springframework.messaging.rsocket.annotation.support.RSocketMessageHandler; SearchStrategy: all) did not find any beans of type org.springframework.messaging.rsocket.annotation.support.RSocketMessageHandler (ReactiveUserDetailsServiceAutoConfiguration.ReactiveUserDetailsServiceCondition)
      Matched:
         - @ConditionalOnClass found required class 'org.springframework.security.authentication.ReactiveAuthenticationManager' (OnClassCondition)

   ReactiveWebServerFactoryAutoConfiguration:
      Did not match:
         - @ConditionalOnWebApplication did not find reactive web application classes (OnWebApplicationCondition)

   RedisAutoConfiguration:
      Did not match:
         - @ConditionalOnClass did not find required class 'org.springframework.data.redis.core.RedisOperations' (OnClassCondition)

   RedisCacheConfiguration:
      Did not match:
         - @ConditionalOnClass did not find required class 'org.springframework.data.redis.connection.RedisConnectionFactory' (OnClassCondition)

   RedisReactiveAutoConfiguration:
      Did not match:
         - @ConditionalOnClass did not find required class 'reactor.core.publisher.Flux' (OnClassCondition)

   RedisRepositoriesAutoConfiguration:
      Did not match:
         - @ConditionalOnClass did not find required class 'org.springframework.data.redis.repository.configuration.EnableRedisRepositories' (OnClassCondition)

   RemoteDevToolsAutoConfiguration:
      Did not match:
         - @ConditionalOnProperty (spring.devtools.remote.secret) did not find property 'secret' (OnPropertyCondition)
      Matched:
         - @ConditionalOnClass found required classes 'jakarta.servlet.Filter', 'org.springframework.http.server.ServerHttpRequest' (OnClassCondition)

   RepositoryRestMvcAutoConfiguration:
      Did not match:
         - @ConditionalOnClass did not find required class 'org.springframework.data.rest.webmvc.config.RepositoryRestMvcConfiguration' (OnClassCondition)

   Saml2RelyingPartyAutoConfiguration:
      Did not match:
         - @ConditionalOnClass did not find required class 'org.springframework.security.saml2.provider.service.registration.RelyingPartyRegistrationRepository' (OnClassCondition)

   SecurityDataConfiguration:
      Did not match:
         - @ConditionalOnClass did not find required class 'org.springframework.security.data.repository.query.SecurityEvaluationContextExtension' (OnClassCondition)

   SendGridAutoConfiguration:
      Did not match:
         - @ConditionalOnClass did not find required class 'com.sendgrid.SendGrid' (OnClassCondition)

   ServletWebServerFactoryAutoConfiguration.ForwardedHeaderFilterConfiguration:
      Did not match:
         - @ConditionalOnProperty (server.forward-headers-strategy=framework) did not find property 'server.forward-headers-strategy' (OnPropertyCondition)

   ServletWebServerFactoryConfiguration.EmbeddedJetty:
      Did not match:
         - @ConditionalOnClass did not find required classes 'org.eclipse.jetty.server.Server', 'org.eclipse.jetty.util.Loader', 'org.eclipse.jetty.webapp.WebAppContext' (OnClassCondition)

   ServletWebServerFactoryConfiguration.EmbeddedUndertow:
      Did not match:
         - @ConditionalOnClass did not find required classes 'io.undertow.Undertow', 'org.xnio.SslClientAuthMode' (OnClassCondition)

   SessionAutoConfiguration:
      Did not match:
         - @ConditionalOnClass did not find required class 'org.springframework.session.Session' (OnClassCondition)

   SpringApplicationAdminJmxAutoConfiguration:
      Did not match:
         - @ConditionalOnProperty (spring.application.admin.enabled=true) did not find property 'enabled' (OnPropertyCondition)

   SpringBootWebSecurityConfiguration.SecurityFilterChainConfiguration:
      Did not match:
         - AllNestedConditions 1 matched 1 did not; NestedCondition on DefaultWebSecurityCondition.Beans @ConditionalOnMissingBean (types: org.springframework.security.web.SecurityFilterChain; SearchStrategy: all) found beans of type 'org.springframework.security.web.SecurityFilterChain' securityFilterChain; NestedCondition on DefaultWebSecurityCondition.Classes @ConditionalOnClass found required classes 'org.springframework.security.web.SecurityFilterChain', 'org.springframework.security.config.annotation.web.builders.HttpSecurity' (DefaultWebSecurityCondition)

   SpringBootWebSecurityConfiguration.WebSecurityEnablerConfiguration:
      Did not match:
         - @ConditionalOnMissingBean (names: springSecurityFilterChain; SearchStrategy: all) found beans named springSecurityFilterChain (OnBeanCondition)
      Matched:
         - @ConditionalOnClass found required class 'org.springframework.security.config.annotation.web.configuration.EnableWebSecurity' (OnClassCondition)

   TaskSchedulingAutoConfiguration#scheduledBeanLazyInitializationExcludeFilter:
      Did not match:
         - @ConditionalOnBean (names: org.springframework.context.annotation.internalScheduledAnnotationProcessor; SearchStrategy: all) did not find any beans named org.springframework.context.annotation.internalScheduledAnnotationProcessor (OnBeanCondition)

   TaskSchedulingAutoConfiguration#taskScheduler:
      Did not match:
         - @ConditionalOnBean (names: org.springframework.context.annotation.internalScheduledAnnotationProcessor; SearchStrategy: all) did not find any beans named org.springframework.context.annotation.internalScheduledAnnotationProcessor (OnBeanCondition)

   ThymeleafAutoConfiguration:
      Did not match:
         - @ConditionalOnClass did not find required class 'org.thymeleaf.spring6.SpringTemplateEngine' (OnClassCondition)

   TransactionAutoConfiguration#transactionalOperator:
      Did not match:
         - @ConditionalOnSingleCandidate (types: org.springframework.transaction.ReactiveTransactionManager; SearchStrategy: all) did not find any beans (OnBeanCondition)

   TransactionAutoConfiguration.AspectJTransactionManagementConfiguration:
      Did not match:
         - @ConditionalOnBean (types: org.springframework.transaction.aspectj.AbstractTransactionAspect; SearchStrategy: all) did not find any beans of type org.springframework.transaction.aspectj.AbstractTransactionAspect (OnBeanCondition)

   TransactionAutoConfiguration.EnableTransactionManagementConfiguration.JdkDynamicAutoProxyConfiguration:
      Did not match:
         - @ConditionalOnProperty (spring.aop.proxy-target-class=false) did not find property 'proxy-target-class' (OnPropertyCondition)

   UserDetailsServiceAutoConfiguration:
      Did not match:
         - @ConditionalOnMissingBean (types: org.springframework.security.authentication.AuthenticationManager,org.springframework.security.authentication.AuthenticationProvider,org.springframework.security.core.userdetails.UserDetailsService,org.springframework.security.authentication.AuthenticationManagerResolver,org.springframework.security.oauth2.jwt.JwtDecoder,org.springframework.security.oauth2.server.resource.introspection.OpaqueTokenIntrospector,org.springframework.security.oauth2.client.registration.ClientRegistrationRepository,org.springframework.security.saml2.provider.service.registration.RelyingPartyRegistrationRepository; SearchStrategy: all) found beans of type 'org.springframework.security.authentication.AuthenticationManager' authenticationManager and found beans of type 'org.springframework.security.core.userdetails.UserDetailsService' userDetailsServiceImpl and found beans of type 'org.springframework.security.authentication.AuthenticationProvider' authenticationProvider (OnBeanCondition)
      Matched:
         - @ConditionalOnClass found required class 'org.springframework.security.authentication.AuthenticationManager' (OnClassCondition)

   WebClientAutoConfiguration:
      Did not match:
         - @ConditionalOnClass did not find required class 'org.springframework.web.reactive.function.client.WebClient' (OnClassCondition)

   WebFluxAutoConfiguration:
      Did not match:
         - @ConditionalOnClass did not find required class 'org.springframework.web.reactive.config.WebFluxConfigurer' (OnClassCondition)

   WebMvcAutoConfiguration#hiddenHttpMethodFilter:
      Did not match:
         - @ConditionalOnProperty (spring.mvc.hiddenmethod.filter.enabled) did not find property 'enabled' (OnPropertyCondition)

   WebMvcAutoConfiguration.ProblemDetailsErrorHandlingConfiguration:
      Did not match:
         - @ConditionalOnProperty (spring.mvc.problemdetails.enabled=true) did not find property 'enabled' (OnPropertyCondition)

   WebMvcAutoConfiguration.ResourceChainCustomizerConfiguration:
      Did not match:
         - @ConditionalOnEnabledResourceChain did not find class org.webjars.WebJarAssetLocator (OnEnabledResourceChainCondition)

   WebMvcAutoConfiguration.WebMvcAutoConfigurationAdapter#beanNameViewResolver:
      Did not match:
         - @ConditionalOnMissingBean (types: org.springframework.web.servlet.view.BeanNameViewResolver; SearchStrategy: all) found beans of type 'org.springframework.web.servlet.view.BeanNameViewResolver' beanNameViewResolver (OnBeanCondition)

   WebServiceTemplateAutoConfiguration:
      Did not match:
         - @ConditionalOnClass did not find required class 'org.springframework.oxm.Marshaller' (OnClassCondition)

   WebServicesAutoConfiguration:
      Did not match:
         - @ConditionalOnClass did not find required class 'org.springframework.ws.transport.http.MessageDispatcherServlet' (OnClassCondition)

   WebSessionIdResolverAutoConfiguration:
      Did not match:
         - @ConditionalOnClass did not find required class 'reactor.core.publisher.Mono' (OnClassCondition)

   WebSocketMessagingAutoConfiguration:
      Did not match:
         - @ConditionalOnClass did not find required class 'org.springframework.web.socket.config.annotation.WebSocketMessageBrokerConfigurer' (OnClassCondition)

   WebSocketReactiveAutoConfiguration:
      Did not match:
         - @ConditionalOnWebApplication did not find reactive web application classes (OnWebApplicationCondition)

   WebSocketServletAutoConfiguration.JettyWebSocketConfiguration:
      Did not match:
         - @ConditionalOnClass did not find required class 'org.eclipse.jetty.websocket.jakarta.server.config.JakartaWebSocketServletContainerInitializer' (OnClassCondition)

   WebSocketServletAutoConfiguration.UndertowWebSocketConfiguration:
      Did not match:
         - @ConditionalOnClass did not find required class 'io.undertow.websockets.jsr.Bootstrap' (OnClassCondition)

   XADataSourceAutoConfiguration:
      Did not match:
         - @ConditionalOnBean (types: org.springframework.boot.jdbc.XADataSourceWrapper; SearchStrategy: all) did not find any beans of type org.springframework.boot.jdbc.XADataSourceWrapper (OnBeanCondition)
      Matched:
         - @ConditionalOnClass found required classes 'javax.sql.DataSource', 'jakarta.transaction.TransactionManager', 'org.springframework.jdbc.datasource.embedded.EmbeddedDatabaseType' (OnClassCondition)


Exclusions:
-----------

    None


Unconditional classes:
----------------------

    org.springframework.boot.autoconfigure.context.ConfigurationPropertiesAutoConfiguration

    org.springframework.boot.autoconfigure.ssl.SslAutoConfiguration

    org.springframework.boot.autoconfigure.context.LifecycleAutoConfiguration

    org.springframework.boot.autoconfigure.context.PropertyPlaceholderAutoConfiguration

    org.springframework.boot.autoconfigure.availability.ApplicationAvailabilityAutoConfiguration

    org.springframework.boot.autoconfigure.info.ProjectInfoAutoConfiguration



2024-08-02T08:55:24.766+03:00  INFO 68122 --- [           main] c.g.handywork.HandyworkApplicationTests  : Started HandyworkApplicationTests in 4.599 seconds (process running for 5.151)
2024-08-02T08:55:24.768+03:00 DEBUG 68122 --- [           main] o.s.b.a.ApplicationAvailabilityBean      : Application availability state LivenessState changed to CORRECT
2024-08-02T08:55:24.769+03:00 DEBUG 68122 --- [           main] o.s.boot.devtools.restart.Restarter      : Creating new Restarter for thread Thread[#1,main,5,main]
2024-08-02T08:55:24.770+03:00 DEBUG 68122 --- [           main] o.s.b.a.ApplicationAvailabilityBean      : Application availability state ReadinessState changed to ACCEPTING_TRAFFIC
2024-08-02T08:55:24.771+03:00 DEBUG 68122 --- [           main] org.springframework.test.context.cache   : Spring test ApplicationContext cache statistics: [DefaultContextCache@1c11a496 size = 1, maxSize = 32, parentContextCount = 0, hitCount = 0, missCount = 1]
2024-08-02T08:55:24.771+03:00 DEBUG 68122 --- [           main] o.s.t.c.w.ServletTestExecutionListener   : Setting up MockHttpServletRequest, MockHttpServletResponse, ServletWebRequest, and RequestContextHolder for test class com.grad.handywork.HandyworkApplicationTests
2024-08-02T08:55:24.778+03:00 DEBUG 68122 --- [           main] DependencyInjectionTestExecutionListener : Performing dependency injection for test class com.grad.handywork.HandyworkApplicationTests
2024-08-02T08:55:24.779+03:00 DEBUG 68122 --- [           main] org.springframework.test.context.cache   : Spring test ApplicationContext cache statistics: [DefaultContextCache@1c11a496 size = 1, maxSize = 32, parentContextCount = 0, hitCount = 1, missCount = 1]
2024-08-02T08:55:24.779+03:00 DEBUG 68122 --- [           main] org.springframework.test.context.cache   : Spring test ApplicationContext cache statistics: [DefaultContextCache@1c11a496 size = 1, maxSize = 32, parentContextCount = 0, hitCount = 2, missCount = 1]
2024-08-02T08:55:24.784+03:00 DEBUG 68122 --- [           main] sContextBeforeModesTestExecutionListener : Before test method: class [HandyworkApplicationTests], method [contextLoads], class annotated with @DirtiesContext [false] with mode [null], method annotated with @DirtiesContext [false] with mode [null]
2024-08-02T08:55:24.786+03:00 DEBUG 68122 --- [           main] org.springframework.test.context.cache   : Spring test ApplicationContext cache statistics: [DefaultContextCache@1c11a496 size = 1, maxSize = 32, parentContextCount = 0, hitCount = 3, missCount = 1]
2024-08-02T08:55:24.786+03:00 DEBUG 68122 --- [           main] org.springframework.test.context.cache   : Spring test ApplicationContext cache statistics: [DefaultContextCache@1c11a496 size = 1, maxSize = 32, parentContextCount = 0, hitCount = 4, missCount = 1]
2024-08-02T08:55:25.150+03:00 DEBUG 68122 --- [           main] org.springframework.test.context.cache   : Spring test ApplicationContext cache statistics: [DefaultContextCache@1c11a496 size = 1, maxSize = 32, parentContextCount = 0, hitCount = 5, missCount = 1]
2024-08-02T08:55:25.153+03:00 DEBUG 68122 --- [           main] org.springframework.test.context.cache   : Spring test ApplicationContext cache statistics: [DefaultContextCache@1c11a496 size = 1, maxSize = 32, parentContextCount = 0, hitCount = 6, missCount = 1]
2024-08-02T08:55:25.153+03:00 DEBUG 68122 --- [           main] org.springframework.test.context.cache   : Spring test ApplicationContext cache statistics: [DefaultContextCache@1c11a496 size = 1, maxSize = 32, parentContextCount = 0, hitCount = 7, missCount = 1]
2024-08-02T08:55:25.153+03:00 DEBUG 68122 --- [           main] org.springframework.test.context.cache   : Spring test ApplicationContext cache statistics: [DefaultContextCache@1c11a496 size = 1, maxSize = 32, parentContextCount = 0, hitCount = 8, missCount = 1]
2024-08-02T08:55:25.154+03:00 DEBUG 68122 --- [           main] org.springframework.test.context.cache   : Spring test ApplicationContext cache statistics: [DefaultContextCache@1c11a496 size = 1, maxSize = 32, parentContextCount = 0, hitCount = 9, missCount = 1]
2024-08-02T08:55:25.154+03:00 DEBUG 68122 --- [           main] org.springframework.test.context.cache   : Spring test ApplicationContext cache statistics: [DefaultContextCache@1c11a496 size = 1, maxSize = 32, parentContextCount = 0, hitCount = 10, missCount = 1]
2024-08-02T08:55:25.155+03:00 DEBUG 68122 --- [           main] org.springframework.test.context.cache   : Spring test ApplicationContext cache statistics: [DefaultContextCache@1c11a496 size = 1, maxSize = 32, parentContextCount = 0, hitCount = 11, missCount = 1]
2024-08-02T08:55:25.156+03:00 DEBUG 68122 --- [           main] .c.s.DirtiesContextTestExecutionListener : After test method: class [HandyworkApplicationTests], method [contextLoads], class annotated with @DirtiesContext [false] with mode [null], method annotated with @DirtiesContext [false] with mode [null]
2024-08-02T08:55:25.156+03:00 DEBUG 68122 --- [           main] o.s.t.c.w.ServletTestExecutionListener   : Resetting RequestContextHolder for test class com.grad.handywork.HandyworkApplicationTests
]]></system-out>
    <system-err><![CDATA[WARNING: A Java agent has been loaded dynamically (/home/inky/.m2/repository/net/bytebuddy/byte-buddy-agent/1.14.11/byte-buddy-agent-1.14.11.jar)
WARNING: If a serviceability tool is in use, please run with -XX:+EnableDynamicAgentLoading to hide this warning
WARNING: If a serviceability tool is not in use, please run with -Djdk.instrument.traceUsage for more information
WARNING: Dynamic loading of agents will be disallowed by default in a future release
]]></system-err>
  </testcase>
</testsuite>